#
# There is insufficient memory for the Java Runtime Environment to continue.
# Native memory allocation (mmap) failed to map 264241152 bytes. Error detail: G1 virtual space
# Possible reasons:
#   The system is out of physical RAM or swap space
#   This process is running with CompressedOops enabled, and the Java Heap may be blocking the growth of the native heap
# Possible solutions:
#   Reduce memory load on the system
#   Increase physical memory or swap space
#   Check if swap backing store is full
#   Decrease Java heap size (-Xmx/-Xms)
#   Decrease number of Java threads
#   Decrease Java thread stack sizes (-Xss)
#   Set larger code cache with -XX:ReservedCodeCacheSize=
#   JVM is running with Zero Based Compressed Oops mode in which the Java heap is
#     placed in the first 32GB address space. The Java Heap base address is the
#     maximum limit for the native heap growth. Please use -XX:HeapBaseMinAddress
#     to set the Java Heap base and to place the Java Heap above 32GB virtual address.
# This output file may be truncated or incomplete.
#
#  Out of Memory Error (os_windows.cpp:3828), pid=18384, tid=13880
#
# JRE version:  (21.0.5) (build )
# Java VM: OpenJDK 64-Bit Server VM (21.0.5+-12932927-b750.29, mixed mode, sharing, tiered, compressed oops, compressed class ptrs, g1 gc, windows-amd64)
# No core dump will be written. Minidumps are not enabled by default on client versions of Windows
#

---------------  S U M M A R Y ------------

Command Line: org.jetbrains.kotlin.cli.jvm.K2JVMCompiler @E:\Android-app-development\final-project\11\myPlayer-Android\app\build\20250514_11866453862374958632.compiler.options

Host: 12th Gen Intel(R) Core(TM) i5-12500H, 16 cores, 15G,  Windows 11 , 64 bit Build 22621 (10.0.22621.5124)
Time: Wed May 14 15:59:52 2025  Windows 11 , 64 bit Build 22621 (10.0.22621.5124) elapsed time: 0.012398 seconds (0d 0h 0m 0s)

---------------  T H R E A D  ---------------

Current thread (0x00000219f5175b20):  JavaThread "Unknown thread" [_thread_in_vm, id=13880, stack(0x000000c7c1d00000,0x000000c7c1e00000) (1024K)]

Stack: [0x000000c7c1d00000,0x000000c7c1e00000]
Native frames: (J=compiled Java code, j=interpreted, Vv=VM code, C=native code)
V  [jvm.dll+0x6cfb29]
V  [jvm.dll+0x85ded3]
V  [jvm.dll+0x86042e]
V  [jvm.dll+0x860b13]
V  [jvm.dll+0x27e6b6]
V  [jvm.dll+0x6cc385]
V  [jvm.dll+0x6c078a]
V  [jvm.dll+0x35525b]
V  [jvm.dll+0x35ceb6]
V  [jvm.dll+0x3aedd6]
V  [jvm.dll+0x3af0a8]
V  [jvm.dll+0x32792c]
V  [jvm.dll+0x32861b]
V  [jvm.dll+0x825919]
V  [jvm.dll+0x3bbfa8]
V  [jvm.dll+0x80ec88]
V  [jvm.dll+0x45015e]
V  [jvm.dll+0x4518c1]
C  [jli.dll+0x52ab]
C  [ucrtbase.dll+0x29333]
C  [KERNEL32.DLL+0x1259d]
C  [ntdll.dll+0x5af38]


---------------  P R O C E S S  ---------------

Threads class SMR info:
_java_thread_list=0x00007ffd173c0808, length=0, elements={
}

Java Threads: ( => current thread )
Total: 0

Other Threads:
  0x00000219f74c2080 WorkerThread "GC Thread#0"                     [id=25008, stack(0x000000c7c1e00000,0x000000c7c1f00000) (1024K)]
  0x00000219f74d3430 ConcurrentGCThread "G1 Main Marker"            [id=21724, stack(0x000000c7c1f00000,0x000000c7c2000000) (1024K)]
  0x00000219f74d3f30 WorkerThread "G1 Conc#0"                       [id=24520, stack(0x000000c7c2000000,0x000000c7c2100000) (1024K)]

[error occurred during error reporting (printing all threads), id 0xc0000005, EXCEPTION_ACCESS_VIOLATION (0xc0000005) at pc=0x00007ffd16bba967]
VM state: not at safepoint (not fully initialized)

VM Mutex/Monitor currently owned by a thread:  ([mutex/lock_event])
[0x00007ffd1742d460] Heap_lock - owner thread: 0x00000219f5175b20

Heap address: 0x0000000704400000, size: 4028 MB, Compressed Oops mode: Zero based, Oop shift amount: 3

CDS archive(s) mapped at: [0x0000000000000000-0x0000000000000000-0x0000000000000000), size 0, SharedBaseAddress: 0x0000000800000000, ArchiveRelocationMode: 1.
Narrow klass base: 0x0000000000000000, Narrow klass shift: 0, Narrow klass range: 0x0

GC Precious Log:
 CardTable entry size: 512
 Card Set container configuration: InlinePtr #cards 4 size 8 Array Of Cards #cards 16 size 48 Howl #buckets 8 coarsen threshold 3686 Howl Bitmap #cards 512 size 80 coarsen threshold 460 Card regions per heap region 1 cards per card region 4096

Heap:
 garbage-first heap   total 0K, used 0K [0x0000000704400000, 0x0000000800000000)
  region size 2048K, 0 young (0K), 0 survivors (0K)
 Metaspace       used 0K, committed 0K, reserved 0K
  class space    used 0K, committed 0K, reserved 0K

Heap Regions: E=young(eden), S=young(survivor), O=old, HS=humongous(starts), HC=humongous(continues), CS=collection set, F=free, TAMS=top-at-mark-start, PB=parsable bottom

Card table byte_map: [0x00000219fb620000,0x00000219fbe00000] _byte_map_base: 0x00000219f7dfe000

Marking Bits: (CMBitMap*) 0x00000219f74c2f90
 Bits: [0x00000219fbe00000, 0x00000219ffcf0000)

GC Heap History (0 events):
No events

Dll operation events (1 events):
Event: 0.009 Loaded shared library D:\android-studio\jbr\bin\java.dll

Deoptimization events (0 events):
No events

Classes loaded (0 events):
No events

Classes unloaded (0 events):
No events

Classes redefined (0 events):
No events

Internal exceptions (0 events):
No events

ZGC Phase Switch (0 events):
No events

VM Operations (0 events):
No events

Memory protections (0 events):
No events

Nmethod flushes (0 events):
No events

Events (0 events):
No events


Dynamic libraries:
0x00007ff6b2780000 - 0x00007ff6b278a000 	D:\android-studio\jbr\bin\java.exe
0x00007ffdb2050000 - 0x00007ffdb2267000 	C:\WINDOWS\SYSTEM32\ntdll.dll
0x00007ffdb1a60000 - 0x00007ffdb1b24000 	C:\WINDOWS\System32\KERNEL32.DLL
0x00007ffdaf160000 - 0x00007ffdaf533000 	C:\WINDOWS\System32\KERNELBASE.dll
0x00007ffdaf570000 - 0x00007ffdaf681000 	C:\WINDOWS\System32\ucrtbase.dll
0x00007ffda7060000 - 0x00007ffda7078000 	D:\android-studio\jbr\bin\jli.dll
0x00007ffda74c0000 - 0x00007ffda74db000 	D:\android-studio\jbr\bin\VCRUNTIME140.dll
0x00007ffdb18a0000 - 0x00007ffdb1a51000 	C:\WINDOWS\System32\USER32.dll
0x00007ffdaf540000 - 0x00007ffdaf566000 	C:\WINDOWS\System32\win32u.dll
0x00007ffdb1350000 - 0x00007ffdb1379000 	C:\WINDOWS\System32\GDI32.dll
0x00007ffdaf850000 - 0x00007ffdaf96b000 	C:\WINDOWS\System32\gdi32full.dll
0x00007ffdaf970000 - 0x00007ffdafa0a000 	C:\WINDOWS\System32\msvcp_win.dll
0x00007ffd939d0000 - 0x00007ffd93c68000 	C:\WINDOWS\WinSxS\amd64_microsoft.windows.common-controls_6595b64144ccf1df_6.0.22621.5124_none_270e8f4f7386d69d\COMCTL32.dll
0x00007ffdb1d20000 - 0x00007ffdb1dc7000 	C:\WINDOWS\System32\msvcrt.dll
0x00007ffdb1160000 - 0x00007ffdb1191000 	C:\WINDOWS\System32\IMM32.DLL
0x00007ffda74a0000 - 0x00007ffda74ac000 	D:\android-studio\jbr\bin\vcruntime140_1.dll
0x00007ffd42b90000 - 0x00007ffd42c1d000 	D:\android-studio\jbr\bin\msvcp140.dll
0x00007ffd16880000 - 0x00007ffd1750a000 	D:\android-studio\jbr\bin\server\jvm.dll
0x00007ffdb1e60000 - 0x00007ffdb1f11000 	C:\WINDOWS\System32\ADVAPI32.dll
0x00007ffdb02d0000 - 0x00007ffdb0378000 	C:\WINDOWS\System32\sechost.dll
0x00007ffdafa10000 - 0x00007ffdafa38000 	C:\WINDOWS\System32\bcrypt.dll
0x00007ffdb1b90000 - 0x00007ffdb1ca4000 	C:\WINDOWS\System32\RPCRT4.dll
0x00007ffdb1dd0000 - 0x00007ffdb1e41000 	C:\WINDOWS\System32\WS2_32.dll
0x00007ffdaf030000 - 0x00007ffdaf07d000 	C:\WINDOWS\SYSTEM32\POWRPROF.dll
0x00007ffda56f0000 - 0x00007ffda5724000 	C:\WINDOWS\SYSTEM32\WINMM.dll
0x00007ffd97f60000 - 0x00007ffd97f6a000 	C:\WINDOWS\SYSTEM32\VERSION.dll
0x00007ffdaf010000 - 0x00007ffdaf023000 	C:\WINDOWS\SYSTEM32\UMPDC.dll
0x00007ffdae190000 - 0x00007ffdae1a8000 	C:\WINDOWS\SYSTEM32\kernel.appcore.dll
0x00007ffda7490000 - 0x00007ffda749a000 	D:\android-studio\jbr\bin\jimage.dll
0x00007ffdac8d0000 - 0x00007ffdacb02000 	C:\WINDOWS\SYSTEM32\DBGHELP.DLL
0x00007ffdaff30000 - 0x00007ffdb02c2000 	C:\WINDOWS\System32\combase.dll
0x00007ffdb1f30000 - 0x00007ffdb2007000 	C:\WINDOWS\System32\OLEAUT32.dll
0x00007ffd8b3d0000 - 0x00007ffd8b402000 	C:\WINDOWS\SYSTEM32\dbgcore.DLL
0x00007ffdaf690000 - 0x00007ffdaf70b000 	C:\WINDOWS\System32\bcryptPrimitives.dll
0x00007ffda62f0000 - 0x00007ffda6310000 	D:\android-studio\jbr\bin\java.dll

dbghelp: loaded successfully - version: 4.0.5 - missing functions: none
symbol engine: initialized successfully - sym options: 0x614 - pdb path: .;D:\android-studio\jbr\bin;C:\WINDOWS\SYSTEM32;C:\WINDOWS\WinSxS\amd64_microsoft.windows.common-controls_6595b64144ccf1df_6.0.22621.5124_none_270e8f4f7386d69d;D:\android-studio\jbr\bin\server

VM Arguments:
java_command: org.jetbrains.kotlin.cli.jvm.K2JVMCompiler @E:\Android-app-development\final-project\11\myPlayer-Android\app\build\20250514_11866453862374958632.compiler.options
java_class_path (initial): C:\Users\7107\.gradle\caches\modules-2\files-2.1\org.jetbrains.kotlin\kotlin-compiler-embeddable\2.0.0\1de310de3446414381282ffc46c3ed3919a4d1da\kotlin-compiler-embeddable-2.0.0.jar;C:\Users\7107\.gradle\caches\modules-2\files-2.1\org.jetbrains.kotlin\kotlin-stdlib\2.0.0\b48df2c4aede9586cc931ead433bc02d6fd7879e\kotlin-stdlib-2.0.0.jar;C:\Users\7107\.gradle\caches\modules-2\files-2.1\org.jetbrains.kotlin\kotlin-script-runtime\2.0.0\fdc27dd047d592fa41d2dfa21e7621287a361612\kotlin-script-runtime-2.0.0.jar;C:\Users\7107\.gradle\caches\modules-2\files-2.1\org.jetbrains.kotlin\kotlin-reflect\1.6.10\1cbe9c92c12a94eea200d23c2bbaedaf3daf5132\kotlin-reflect-1.6.10.jar;C:\Users\7107\.gradle\caches\modules-2\files-2.1\org.jetbrains.kotlin\kotlin-daemon-embeddable\2.0.0\b39c612768614c4428c96ee9c65477181fffe9d\kotlin-daemon-embeddable-2.0.0.jar;C:\Users\7107\.gradle\caches\modules-2\files-2.1\org.jetbrains.intellij.deps\trove4j\1.0.20200330\3afb14d5f9ceb459d724e907a21145e8ff394f02\trove4j-1.0.20200330.jar;C:\Users\7107\.gradle\caches\modules-2\files-2.1\org.jetbrains\annotations\13.0\919f0dfe192fb4e063e7dacadee7f8bb9a2672a9\annotations-13.0.jar
Launcher Type: SUN_STANDARD

[Global flags]
     intx CICompilerCount                          = 12                                        {product} {ergonomic}
     uint ConcGCThreads                            = 3                                         {product} {ergonomic}
     uint G1ConcRefinementThreads                  = 13                                        {product} {ergonomic}
   size_t G1HeapRegionSize                         = 2097152                                   {product} {ergonomic}
    uintx GCDrainStackTargetSize                   = 64                                        {product} {ergonomic}
   size_t InitialHeapSize                          = 264241152                                 {product} {ergonomic}
   size_t MarkStackSize                            = 4194304                                   {product} {ergonomic}
   size_t MaxHeapSize                              = 4223664128                                {product} {ergonomic}
   size_t MinHeapDeltaBytes                        = 2097152                                   {product} {ergonomic}
   size_t MinHeapSize                              = 8388608                                   {product} {ergonomic}
    uintx NonNMethodCodeHeapSize                   = 7602480                                {pd product} {ergonomic}
    uintx NonProfiledCodeHeapSize                  = 122027880                              {pd product} {ergonomic}
    uintx ProfiledCodeHeapSize                     = 122027880                              {pd product} {ergonomic}
    uintx ReservedCodeCacheSize                    = 251658240                              {pd product} {ergonomic}
     bool SegmentedCodeCache                       = true                                      {product} {ergonomic}
   size_t SoftMaxHeapSize                          = 4223664128                             {manageable} {ergonomic}
     bool UseCompressedOops                        = true                           {product lp64_product} {ergonomic}
     bool UseG1GC                                  = true                                      {product} {ergonomic}
     bool UseLargePagesIndividualAllocation        = false                                  {pd product} {ergonomic}

Logging:
Log output configuration:
 #0: stdout all=warning uptime,level,tags foldmultilines=false
 #1: stderr all=off uptime,level,tags foldmultilines=false

Environment Variables:
PATH=D:\VM\bin\;C:\Users\7107\AppData\Local\Programs\Python\Python310\Scripts;C:\Users\7107\AppData\Local\Programs\Python\Python310;C:\Program Files (x86)\Common Files\Oracle\Java\javapath;D:\anaconda;D:\anaconda\Library\mingw-w64\bin;D:\anaconda\Library\usr\bin;D:\anaconda\Library\bin;D:\anaconda\Scripts;D:\python\Scripts\;D:\python\;E:\java_ee\1.8\bin;C:\Windows\System32\HWAudioDriverLibs;C:\Windows\system32;C:\Windows;C:\Windows\System32\Wbem;C:\Windows\System32\WindowsPowerShell\v1.0\;C:\Windows\System32\OpenSSH\;C:\Users\Administrator\AppData\Local\Microsoft\WindowsApps;C:\WINDOWS\system32;C:\WINDOWS;C:\WINDOWS\System32\Wbem;C:\WINDOWS\System32\WindowsPowerShell\v1.0\;C:\WINDOWS\System32\OpenSSH\;D:\Matlab\runtime\win64;D:\Matlab\bin;D:\Matlab\polyspace\bin;C:\Program Files\dotnet\;D:\SQL Server2\160\Tools\Binn\;C:\Program Files\Microsoft SQL Server\160\Tools\Binn\;C:\Program Files\Microsoft SQL Server\Client SDK\ODBC\170\Tools\Binn\;C:\Program Files\Microsoft SQL Server\160\DTS\Binn\;D:\SQL Server2\160\DTS\Binn\;C:\Program Files\Azure Data Studio\bin;C:\WINDOWS\system32\config\systemprofile\AppData\Local\Microsoft\WindowsApps;C:\windows\system32\HWAudioDriver\;C:\Program Files\Microsoft SQL Server\150\Tools\Binn\;E:\vivo\pcsuite\;D:\IDEA\apache-maven-3.9.8\bin;D:\kotlin\kotlinc\bin;D:\opencv4.8\opencv-4.8.0-windows\opencv\build\x64\vc16\bin;C:\Program Files\Git\cmd;d:\cursor\cursor\resources\app\bin;C:\Users\7107\AppData\Local\Programs\Python\Python310\Scripts\;C:\Users\7107\AppData\Local\Programs\Python\Python310\;D:\MySQL\e\bin\;C:\Users\7107\AppData\Local\Microsoft\WindowsApps;C:\Program Files\Azure Data Studio\bin;D:\VScode\Microsoft VS Code\bin;D:\pycharm\PyCharm Community Edition 2022.2.4\bin;;C:\Users\7107\.dotnet\tools;D:\C++BYQ\mingw64\bin;D:\cursor\cursor\resources\app\bin
USERNAME=7107
OS=Windows_NT
PROCESSOR_IDENTIFIER=Intel64 Family 6 Model 154 Stepping 3, GenuineIntel
TMP=C:\Users\7107\AppData\Local\Temp
TEMP=C:\Users\7107\AppData\Local\Temp




Periodic native trim disabled

JNI global refs:
JNI global refs: 0, weak refs: 0

JNI global refs memory usage: 0, weak refs: 0

Process memory usage:
Resident Set Size: 12000K (0% of 16497272K total physical memory with 1819700K free physical memory)

OOME stack traces (most recent first):
Classloader memory used:

---------------  S Y S T E M  ---------------

OS:
 Windows 11 , 64 bit Build 22621 (10.0.22621.5124)
OS uptime: 0 days 2:51 hours

CPU: total 16 (initial active 16) (8 cores per cpu, 2 threads per core) family 6 model 154 stepping 3 microcode 0x41e, cx8, cmov, fxsr, ht, mmx, 3dnowpref, sse, sse2, sse3, ssse3, sse4.1, sse4.2, popcnt, lzcnt, tsc, tscinvbit, avx, avx2, aes, erms, clmul, bmi1, bmi2, adx, sha, fma, vzeroupper, clflush, clflushopt, clwb, serialize, rdtscp, rdpid, fsrm, f16c, pku, cet_ibt, cet_ss
Processor Information for processor 0
  Max Mhz: 2500, Current Mhz: 2500, Mhz Limit: 2500
Processor Information for processor 1
  Max Mhz: 2500, Current Mhz: 2500, Mhz Limit: 2500
Processor Information for processor 2
  Max Mhz: 2500, Current Mhz: 2500, Mhz Limit: 2500
Processor Information for processor 3
  Max Mhz: 2500, Current Mhz: 2500, Mhz Limit: 2500
Processor Information for processor 4
  Max Mhz: 2500, Current Mhz: 2500, Mhz Limit: 2500
Processor Information for processor 5
  Max Mhz: 2500, Current Mhz: 2500, Mhz Limit: 2500
Processor Information for processor 6
  Max Mhz: 2500, Current Mhz: 2500, Mhz Limit: 2500
Processor Information for processor 7
  Max Mhz: 2500, Current Mhz: 2500, Mhz Limit: 2500
Processor Information for processor 8
  Max Mhz: 2500, Current Mhz: 1800, Mhz Limit: 1800
Processor Information for processor 9
  Max Mhz: 2500, Current Mhz: 1800, Mhz Limit: 1800
Processor Information for processor 10
  Max Mhz: 2500, Current Mhz: 1800, Mhz Limit: 1800
Processor Information for processor 11
  Max Mhz: 2500, Current Mhz: 1800, Mhz Limit: 1800
Processor Information for processor 12
  Max Mhz: 2500, Current Mhz: 1800, Mhz Limit: 1800
Processor Information for processor 13
  Max Mhz: 2500, Current Mhz: 1800, Mhz Limit: 1800
Processor Information for processor 14
  Max Mhz: 2500, Current Mhz: 1800, Mhz Limit: 1800
Processor Information for processor 15
  Max Mhz: 2500, Current Mhz: 1800, Mhz Limit: 1800

Memory: 4k page, system-wide physical 16110M (1777M free)
TotalPageFile size 16110M (AvailPageFile size 57M)
current process WorkingSet (physical memory assigned to process): 11M, peak: 11M
current process commit charge ("private bytes"): 70M, peak: 322M

vm_info: OpenJDK 64-Bit Server VM (21.0.5+-12932927-b750.29) for windows-amd64 JRE (21.0.5+-12932927-b750.29), built on 2025-01-17T02:01:10Z by "builder" with MS VC++ 16.10 / 16.11 (VS2019)

END.
