#
# There is insufficient memory for the Java Runtime Environment to continue.
# Native memory allocation (malloc) failed to allocate 977696 bytes. Error detail: Chunk::new
# Possible reasons:
#   The system is out of physical RAM or swap space
#   This process is running with CompressedOops enabled, and the Java Heap may be blocking the growth of the native heap
# Possible solutions:
#   Reduce memory load on the system
#   Increase physical memory or swap space
#   Check if swap backing store is full
#   Decrease Java heap size (-Xmx/-Xms)
#   Decrease number of Java threads
#   Decrease Java thread stack sizes (-Xss)
#   Set larger code cache with -XX:ReservedCodeCacheSize=
#   JVM is running with Zero Based Compressed Oops mode in which the Java heap is
#     placed in the first 32GB address space. The Java Heap base address is the
#     maximum limit for the native heap growth. Please use -XX:HeapBaseMinAddress
#     to set the Java Heap base and to place the Java Heap above 32GB virtual address.
# This output file may be truncated or incomplete.
#
#  Out of Memory Error (arena.cpp:168), pid=18264, tid=16984
#
# JRE version: OpenJDK Runtime Environment (21.0.5) (build 21.0.5+-12932927-b750.29)
# Java VM: OpenJDK 64-Bit Server VM (21.0.5+-12932927-b750.29, mixed mode, tiered, compressed oops, compressed class ptrs, g1 gc, windows-amd64)
# No core dump will be written. Minidumps are not enabled by default on client versions of Windows
#

---------------  S U M M A R Y ------------

Command Line: org.jetbrains.kotlin.cli.jvm.K2JVMCompiler @E:\Android-app-development\final-project\11\myPlayer-Android\app\build\20250514_17021122529665690174.compiler.options

Host: 12th Gen Intel(R) Core(TM) i5-12500H, 16 cores, 15G,  Windows 11 , 64 bit Build 22621 (10.0.22621.5124)
Time: Wed May 14 15:59:41 2025  Windows 11 , 64 bit Build 22621 (10.0.22621.5124) elapsed time: 11.896476 seconds (0d 0h 0m 11s)

---------------  T H R E A D  ---------------

Current thread (0x00000198c06a2730):  JavaThread "C2 CompilerThread2" daemon [_thread_in_native, id=16984, stack(0x0000000ff2400000,0x0000000ff2500000) (1024K)]


Current CompileTask:
C2:11896 17345       4       org.jetbrains.kotlin.fir.backend.Fir2IrTypeConverter::toIrType (1662 bytes)

Stack: [0x0000000ff2400000,0x0000000ff2500000]
Native frames: (J=compiled Java code, j=interpreted, Vv=VM code, C=native code)
V  [jvm.dll+0x6cfb29]
V  [jvm.dll+0x85ded3]
V  [jvm.dll+0x86042e]
V  [jvm.dll+0x860b13]
V  [jvm.dll+0x27e6b6]
V  [jvm.dll+0xbff6d]
V  [jvm.dll+0xc04a3]
V  [jvm.dll+0x3b5ffb]
V  [jvm.dll+0x1de664]
V  [jvm.dll+0x247db4]
V  [jvm.dll+0x247231]
V  [jvm.dll+0x1c5ee4]
V  [jvm.dll+0x25697c]
V  [jvm.dll+0x254ec6]
V  [jvm.dll+0x3f0ce6]
V  [jvm.dll+0x806368]
V  [jvm.dll+0x6ce3fd]
C  [ucrtbase.dll+0x29333]
C  [KERNEL32.DLL+0x1259d]
C  [ntdll.dll+0x5af38]


---------------  P R O C E S S  ---------------

Threads class SMR info:
_java_thread_list=0x00000198c7dd9430, length=18, elements={
0x000001989cf46860, 0x00000198b9b4b420, 0x00000198b9b4c130, 0x00000198b9b4cf40,
0x00000198b9bb8930, 0x00000198b9bb9380, 0x00000198b9b94080, 0x00000198b9b95e10,
0x00000198b9b968a0, 0x00000198b9cf06c0, 0x00000198b9d66370, 0x00000198b9d730e0,
0x00000198b9e0bba0, 0x00000198be1c78b0, 0x00000198be4dae40, 0x00000198c06a2730,
0x00000198c29b1c10, 0x00000198c29b3080
}

Java Threads: ( => current thread )
  0x000001989cf46860 JavaThread "main"                              [_thread_in_vm, id=4504, stack(0x0000000ff0000000,0x0000000ff0100000) (1024K)]
  0x00000198b9b4b420 JavaThread "Reference Handler"          daemon [_thread_blocked, id=23744, stack(0x0000000ff0800000,0x0000000ff0900000) (1024K)]
  0x00000198b9b4c130 JavaThread "Finalizer"                  daemon [_thread_blocked, id=24112, stack(0x0000000ff0900000,0x0000000ff0a00000) (1024K)]
  0x00000198b9b4cf40 JavaThread "Signal Dispatcher"          daemon [_thread_blocked, id=14756, stack(0x0000000ff0a00000,0x0000000ff0b00000) (1024K)]
  0x00000198b9bb8930 JavaThread "Attach Listener"            daemon [_thread_blocked, id=17836, stack(0x0000000ff0b00000,0x0000000ff0c00000) (1024K)]
  0x00000198b9bb9380 JavaThread "Service Thread"             daemon [_thread_blocked, id=5556, stack(0x0000000ff0c00000,0x0000000ff0d00000) (1024K)]
  0x00000198b9b94080 JavaThread "Monitor Deflation Thread"   daemon [_thread_blocked, id=20176, stack(0x0000000ff0d00000,0x0000000ff0e00000) (1024K)]
  0x00000198b9b95e10 JavaThread "C2 CompilerThread0"         daemon [_thread_in_native, id=17912, stack(0x0000000ff0e00000,0x0000000ff0f00000) (1024K)]
  0x00000198b9b968a0 JavaThread "C1 CompilerThread0"         daemon [_thread_blocked, id=5528, stack(0x0000000ff0f00000,0x0000000ff1000000) (1024K)]
  0x00000198b9cf06c0 JavaThread "C1 CompilerThread1"         daemon [_thread_blocked, id=2176, stack(0x0000000ff1000000,0x0000000ff1100000) (1024K)]
  0x00000198b9d66370 JavaThread "Notification Thread"        daemon [_thread_blocked, id=7700, stack(0x0000000ff1100000,0x0000000ff1200000) (1024K)]
  0x00000198b9d730e0 JavaThread "Common-Cleaner"             daemon [_thread_blocked, id=26232, stack(0x0000000ff1200000,0x0000000ff1300000) (1024K)]
  0x00000198b9e0bba0 JavaThread "C2 CompilerThread1"         daemon [_thread_blocked, id=25060, stack(0x0000000ff1300000,0x0000000ff1400000) (1024K)]
  0x00000198be1c78b0 JavaThread "C1 CompilerThread2"         daemon [_thread_blocked, id=9712, stack(0x0000000ff1500000,0x0000000ff1600000) (1024K)]
  0x00000198be4dae40 JavaThread "C1 CompilerThread3"         daemon [_thread_blocked, id=25404, stack(0x0000000ff1600000,0x0000000ff1700000) (1024K)]
=>0x00000198c06a2730 JavaThread "C2 CompilerThread2"         daemon [_thread_in_native, id=16984, stack(0x0000000ff2400000,0x0000000ff2500000) (1024K)]
  0x00000198c29b1c10 JavaThread "C2 CompilerThread3"         daemon [_thread_in_native, id=11232, stack(0x0000000ff2500000,0x0000000ff2600000) (1024K)]
  0x00000198c29b3080 JavaThread "C2 CompilerThread4"         daemon [_thread_in_native, id=4764, stack(0x0000000ff2600000,0x0000000ff2700000) (1024K)]
Total: 18

Other Threads:
  0x00000198b9ada080 VMThread "VM Thread"                           [id=248, stack(0x0000000ff0700000,0x0000000ff0800000) (1024K)]
  0x00000198b9937650 WatcherThread "VM Periodic Task Thread"        [id=24912, stack(0x0000000ff0600000,0x0000000ff0700000) (1024K)]
  0x000001989f1a3860 WorkerThread "GC Thread#0"                     [id=16180, stack(0x0000000ff0100000,0x0000000ff0200000) (1024K)]
  0x00000198be611e30 WorkerThread "GC Thread#1"                     [id=25708, stack(0x0000000ff1700000,0x0000000ff1800000) (1024K)]
  0x00000198be6121d0 WorkerThread "GC Thread#2"                     [id=7376, stack(0x0000000ff1800000,0x0000000ff1900000) (1024K)]
  0x00000198be612570 WorkerThread "GC Thread#3"                     [id=23908, stack(0x0000000ff1900000,0x0000000ff1a00000) (1024K)]
  0x00000198be612910 WorkerThread "GC Thread#4"                     [id=23800, stack(0x0000000ff1a00000,0x0000000ff1b00000) (1024K)]
  0x00000198be612cb0 WorkerThread "GC Thread#5"                     [id=15196, stack(0x0000000ff1b00000,0x0000000ff1c00000) (1024K)]
  0x00000198bea484b0 WorkerThread "GC Thread#6"                     [id=18720, stack(0x0000000ff1c00000,0x0000000ff1d00000) (1024K)]
  0x00000198bea47630 WorkerThread "GC Thread#7"                     [id=13448, stack(0x0000000ff1d00000,0x0000000ff1e00000) (1024K)]
  0x00000198bea479d0 WorkerThread "GC Thread#8"                     [id=21664, stack(0x0000000ff1e00000,0x0000000ff1f00000) (1024K)]
  0x00000198bf234a90 WorkerThread "GC Thread#9"                     [id=11088, stack(0x0000000ff2100000,0x0000000ff2200000) (1024K)]
  0x00000198bf2346f0 WorkerThread "GC Thread#10"                    [id=25348, stack(0x0000000ff2200000,0x0000000ff2300000) (1024K)]
  0x00000198bf235cb0 WorkerThread "GC Thread#11"                    [id=13724, stack(0x0000000ff2300000,0x0000000ff2400000) (1024K)]
  0x00000198bf4efad0 WorkerThread "GC Thread#12"                    [id=3184, stack(0x0000000ff1400000,0x0000000ff1500000) (1024K)]
  0x000001989f1b4570 ConcurrentGCThread "G1 Main Marker"            [id=24236, stack(0x0000000ff0200000,0x0000000ff0300000) (1024K)]
  0x000001989f1b5070 WorkerThread "G1 Conc#0"                       [id=17216, stack(0x0000000ff0300000,0x0000000ff0400000) (1024K)]
  0x00000198bea46ef0 WorkerThread "G1 Conc#1"                       [id=10004, stack(0x0000000ff1f00000,0x0000000ff2000000) (1024K)]
  0x00000198bea47d70 WorkerThread "G1 Conc#2"                       [id=16712, stack(0x0000000ff2000000,0x0000000ff2100000) (1024K)]
  0x00000198b9807640 ConcurrentGCThread "G1 Refine#0"               [id=2712, stack(0x0000000ff0400000,0x0000000ff0500000) (1024K)]
  0x00000198b98081b0 ConcurrentGCThread "G1 Service"                [id=25364, stack(0x0000000ff0500000,0x0000000ff0600000) (1024K)]
Total: 21

Threads with active compile tasks:
C2 CompilerThread0  11923 17461   !   4       jdk.internal.loader.BuiltinClassLoader::loadClassOrNull (143 bytes)
C2 CompilerThread2  11923 17345       4       org.jetbrains.kotlin.fir.backend.Fir2IrTypeConverter::toIrType (1662 bytes)
C2 CompilerThread3  11923 17581       4       org.jetbrains.kotlin.fir.backend.Fir2IrDeclarationStorage::findIrParent$fir2ir (476 bytes)
C2 CompilerThread4  11923 17394       4       org.jetbrains.kotlin.ir.interpreter.checker.IrInterpreterCommonChecker::visitCall (10 bytes)
Total: 4

VM state: not at safepoint (normal execution)

VM Mutex/Monitor currently owned by a thread: None

Heap address: 0x0000000704400000, size: 4028 MB, Compressed Oops mode: Zero based, Oop shift amount: 3

CDS archive(s) not mapped
Compressed class space mapped at: 0x0000000800000000-0x0000000840000000, reserved size: 1073741824
Narrow klass base: 0x0000000800000000, Narrow klass shift: 0, Narrow klass range: 0x40000000

GC Precious Log:
 CardTable entry size: 512
 Card Set container configuration: InlinePtr #cards 4 size 8 Array Of Cards #cards 16 size 48 Howl #buckets 8 coarsen threshold 3686 Howl Bitmap #cards 512 size 80 coarsen threshold 460 Card regions per heap region 1 cards per card region 4096
 CPUs: 16 total, 16 available
 Memory: 16110M
 Large Page Support: Disabled
 NUMA Support: Disabled
 Compressed Oops: Enabled (Zero based)
 Heap Region Size: 2M
 Heap Min Capacity: 8M
 Heap Initial Capacity: 252M
 Heap Max Capacity: 4028M
 Pre-touch: Disabled
 Parallel Workers: 13
 Concurrent Workers: 3
 Concurrent Refinement Workers: 13
 Periodic GC: Disabled

Heap:
 garbage-first heap   total 227328K, used 165888K [0x0000000704400000, 0x0000000800000000)
  region size 2048K, 19 young (38912K), 5 survivors (10240K)
 Metaspace       used 83281K, committed 83712K, reserved 1179648K
  class space    used 8519K, committed 8704K, reserved 1048576K

Heap Regions: E=young(eden), S=young(survivor), O=old, HS=humongous(starts), HC=humongous(continues), CS=collection set, F=free, TAMS=top-at-mark-start, PB=parsable bottom
|   0|0x0000000704400000, 0x0000000704600000, 0x0000000704600000|100%|HS|  |TAMS 0x0000000704400000| PB 0x0000000704400000| Complete 
|   1|0x0000000704600000, 0x0000000704800000, 0x0000000704800000|100%|HC|  |TAMS 0x0000000704600000| PB 0x0000000704600000| Complete 
|   2|0x0000000704800000, 0x0000000704a00000, 0x0000000704a00000|100%| O|  |TAMS 0x0000000704800000| PB 0x0000000704800000| Untracked 
|   3|0x0000000704a00000, 0x0000000704c00000, 0x0000000704c00000|100%| O|  |TAMS 0x0000000704a00000| PB 0x0000000704a00000| Untracked 
|   4|0x0000000704c00000, 0x0000000704e00000, 0x0000000704e00000|100%| O|  |TAMS 0x0000000704c00000| PB 0x0000000704c00000| Untracked 
|   5|0x0000000704e00000, 0x0000000705000000, 0x0000000705000000|100%| O|  |TAMS 0x0000000704e00000| PB 0x0000000704e00000| Untracked 
|   6|0x0000000705000000, 0x0000000705200000, 0x0000000705200000|100%| O|  |TAMS 0x0000000705000000| PB 0x0000000705000000| Untracked 
|   7|0x0000000705200000, 0x0000000705400000, 0x0000000705400000|100%| O|  |TAMS 0x0000000705200000| PB 0x0000000705200000| Untracked 
|   8|0x0000000705400000, 0x0000000705600000, 0x0000000705600000|100%| O|  |TAMS 0x0000000705400000| PB 0x0000000705400000| Untracked 
|   9|0x0000000705600000, 0x0000000705800000, 0x0000000705800000|100%| O|  |TAMS 0x0000000705600000| PB 0x0000000705600000| Untracked 
|  10|0x0000000705800000, 0x0000000705a00000, 0x0000000705a00000|100%| O|  |TAMS 0x0000000705800000| PB 0x0000000705800000| Untracked 
|  11|0x0000000705a00000, 0x0000000705c00000, 0x0000000705c00000|100%| O|  |TAMS 0x0000000705a00000| PB 0x0000000705a00000| Untracked 
|  12|0x0000000705c00000, 0x0000000705e00000, 0x0000000705e00000|100%| O|  |TAMS 0x0000000705c00000| PB 0x0000000705c00000| Untracked 
|  13|0x0000000705e00000, 0x0000000706000000, 0x0000000706000000|100%| O|  |TAMS 0x0000000705e00000| PB 0x0000000705e00000| Untracked 
|  14|0x0000000706000000, 0x0000000706200000, 0x0000000706200000|100%| O|  |TAMS 0x0000000706000000| PB 0x0000000706000000| Untracked 
|  15|0x0000000706200000, 0x0000000706400000, 0x0000000706400000|100%| O|  |TAMS 0x0000000706200000| PB 0x0000000706200000| Untracked 
|  16|0x0000000706400000, 0x0000000706600000, 0x0000000706600000|100%| O|  |TAMS 0x0000000706400000| PB 0x0000000706400000| Untracked 
|  17|0x0000000706600000, 0x0000000706800000, 0x0000000706800000|100%| O|  |TAMS 0x0000000706600000| PB 0x0000000706600000| Untracked 
|  18|0x0000000706800000, 0x0000000706a00000, 0x0000000706a00000|100%| O|  |TAMS 0x0000000706800000| PB 0x0000000706800000| Untracked 
|  19|0x0000000706a00000, 0x0000000706c00000, 0x0000000706c00000|100%| O|  |TAMS 0x0000000706a00000| PB 0x0000000706a00000| Untracked 
|  20|0x0000000706c00000, 0x0000000706e00000, 0x0000000706e00000|100%| O|  |TAMS 0x0000000706c00000| PB 0x0000000706c00000| Untracked 
|  21|0x0000000706e00000, 0x0000000707000000, 0x0000000707000000|100%| O|  |TAMS 0x0000000706e00000| PB 0x0000000706e00000| Untracked 
|  22|0x0000000707000000, 0x0000000707200000, 0x0000000707200000|100%| O|  |TAMS 0x0000000707000000| PB 0x0000000707000000| Untracked 
|  23|0x0000000707200000, 0x0000000707400000, 0x0000000707400000|100%| O|  |TAMS 0x0000000707200000| PB 0x0000000707200000| Untracked 
|  24|0x0000000707400000, 0x0000000707600000, 0x0000000707600000|100%| O|  |TAMS 0x0000000707400000| PB 0x0000000707400000| Untracked 
|  25|0x0000000707600000, 0x0000000707800000, 0x0000000707800000|100%| O|  |TAMS 0x0000000707600000| PB 0x0000000707600000| Untracked 
|  26|0x0000000707800000, 0x0000000707a00000, 0x0000000707a00000|100%| O|  |TAMS 0x0000000707800000| PB 0x0000000707800000| Untracked 
|  27|0x0000000707a00000, 0x0000000707c00000, 0x0000000707c00000|100%| O|  |TAMS 0x0000000707a00000| PB 0x0000000707a00000| Untracked 
|  28|0x0000000707c00000, 0x0000000707e00000, 0x0000000707e00000|100%| O|  |TAMS 0x0000000707c00000| PB 0x0000000707c00000| Untracked 
|  29|0x0000000707e00000, 0x0000000708000000, 0x0000000708000000|100%| O|  |TAMS 0x0000000707e00000| PB 0x0000000707e00000| Untracked 
|  30|0x0000000708000000, 0x0000000708200000, 0x0000000708200000|100%| O|  |TAMS 0x0000000708000000| PB 0x0000000708000000| Untracked 
|  31|0x0000000708200000, 0x0000000708400000, 0x0000000708400000|100%| O|  |TAMS 0x0000000708200000| PB 0x0000000708200000| Untracked 
|  32|0x0000000708400000, 0x0000000708600000, 0x0000000708600000|100%| O|  |TAMS 0x0000000708400000| PB 0x0000000708400000| Untracked 
|  33|0x0000000708600000, 0x0000000708800000, 0x0000000708800000|100%| O|  |TAMS 0x0000000708600000| PB 0x0000000708600000| Untracked 
|  34|0x0000000708800000, 0x0000000708a00000, 0x0000000708a00000|100%| O|  |TAMS 0x0000000708800000| PB 0x0000000708800000| Untracked 
|  35|0x0000000708a00000, 0x0000000708c00000, 0x0000000708c00000|100%| O|  |TAMS 0x0000000708a00000| PB 0x0000000708a00000| Untracked 
|  36|0x0000000708c00000, 0x0000000708e00000, 0x0000000708e00000|100%| O|  |TAMS 0x0000000708c00000| PB 0x0000000708c00000| Untracked 
|  37|0x0000000708e00000, 0x0000000709000000, 0x0000000709000000|100%| O|  |TAMS 0x0000000708e00000| PB 0x0000000708e00000| Untracked 
|  38|0x0000000709000000, 0x0000000709200000, 0x0000000709200000|100%| O|  |TAMS 0x0000000709000000| PB 0x0000000709000000| Untracked 
|  39|0x0000000709200000, 0x0000000709400000, 0x0000000709400000|100%| O|  |TAMS 0x0000000709200000| PB 0x0000000709200000| Untracked 
|  40|0x0000000709400000, 0x0000000709600000, 0x0000000709600000|100%| O|  |TAMS 0x0000000709400000| PB 0x0000000709400000| Untracked 
|  41|0x0000000709600000, 0x0000000709800000, 0x0000000709800000|100%| O|  |TAMS 0x0000000709600000| PB 0x0000000709600000| Untracked 
|  42|0x0000000709800000, 0x0000000709a00000, 0x0000000709a00000|100%| O|  |TAMS 0x0000000709800000| PB 0x0000000709800000| Untracked 
|  43|0x0000000709a00000, 0x0000000709c00000, 0x0000000709c00000|100%| O|  |TAMS 0x0000000709a00000| PB 0x0000000709a00000| Untracked 
|  44|0x0000000709c00000, 0x0000000709e00000, 0x0000000709e00000|100%| O|  |TAMS 0x0000000709c00000| PB 0x0000000709c00000| Untracked 
|  45|0x0000000709e00000, 0x000000070a000000, 0x000000070a000000|100%| O|  |TAMS 0x0000000709e00000| PB 0x0000000709e00000| Untracked 
|  46|0x000000070a000000, 0x000000070a200000, 0x000000070a200000|100%| O|  |TAMS 0x000000070a000000| PB 0x000000070a000000| Untracked 
|  47|0x000000070a200000, 0x000000070a400000, 0x000000070a400000|100%| O|  |TAMS 0x000000070a200000| PB 0x000000070a200000| Untracked 
|  48|0x000000070a400000, 0x000000070a600000, 0x000000070a600000|100%| O|  |TAMS 0x000000070a400000| PB 0x000000070a400000| Untracked 
|  49|0x000000070a600000, 0x000000070a800000, 0x000000070a800000|100%| O|  |TAMS 0x000000070a600000| PB 0x000000070a600000| Untracked 
|  50|0x000000070a800000, 0x000000070aa00000, 0x000000070aa00000|100%| O|  |TAMS 0x000000070a800000| PB 0x000000070a800000| Untracked 
|  51|0x000000070aa00000, 0x000000070ac00000, 0x000000070ac00000|100%| O|  |TAMS 0x000000070aa00000| PB 0x000000070aa00000| Untracked 
|  52|0x000000070ac00000, 0x000000070ae00000, 0x000000070ae00000|100%| O|  |TAMS 0x000000070ac00000| PB 0x000000070ac00000| Untracked 
|  53|0x000000070ae00000, 0x000000070b000000, 0x000000070b000000|100%| O|  |TAMS 0x000000070ae00000| PB 0x000000070ae00000| Untracked 
|  54|0x000000070b000000, 0x000000070b200000, 0x000000070b200000|100%| O|  |TAMS 0x000000070b000000| PB 0x000000070b000000| Untracked 
|  55|0x000000070b200000, 0x000000070b400000, 0x000000070b400000|100%| O|  |TAMS 0x000000070b200000| PB 0x000000070b200000| Untracked 
|  56|0x000000070b400000, 0x000000070b600000, 0x000000070b600000|100%| O|  |TAMS 0x000000070b400000| PB 0x000000070b400000| Untracked 
|  57|0x000000070b600000, 0x000000070b800000, 0x000000070b800000|100%| O|  |TAMS 0x000000070b600000| PB 0x000000070b600000| Untracked 
|  58|0x000000070b800000, 0x000000070ba00000, 0x000000070ba00000|100%| O|  |TAMS 0x000000070b800000| PB 0x000000070b800000| Untracked 
|  59|0x000000070ba00000, 0x000000070bc00000, 0x000000070bc00000|100%| O|  |TAMS 0x000000070ba00000| PB 0x000000070ba00000| Untracked 
|  60|0x000000070bc00000, 0x000000070be00000, 0x000000070be00000|100%| O|  |TAMS 0x000000070bc00000| PB 0x000000070bc00000| Untracked 
|  61|0x000000070be00000, 0x000000070c000000, 0x000000070c000000|100%| O|  |TAMS 0x000000070be00000| PB 0x000000070be00000| Untracked 
|  62|0x000000070c000000, 0x000000070c200000, 0x000000070c200000|100%| O|  |TAMS 0x000000070c000000| PB 0x000000070c000000| Untracked 
|  63|0x000000070c200000, 0x000000070c200000, 0x000000070c400000|  0%| F|  |TAMS 0x000000070c200000| PB 0x000000070c200000| Untracked 
|  64|0x000000070c400000, 0x000000070c400000, 0x000000070c600000|  0%| F|  |TAMS 0x000000070c400000| PB 0x000000070c400000| Untracked 
|  65|0x000000070c600000, 0x000000070c600000, 0x000000070c800000|  0%| F|  |TAMS 0x000000070c600000| PB 0x000000070c600000| Untracked 
|  66|0x000000070c800000, 0x000000070c800000, 0x000000070ca00000|  0%| F|  |TAMS 0x000000070c800000| PB 0x000000070c800000| Untracked 
|  67|0x000000070ca00000, 0x000000070ca00000, 0x000000070cc00000|  0%| F|  |TAMS 0x000000070ca00000| PB 0x000000070ca00000| Untracked 
|  68|0x000000070cc00000, 0x000000070cc00000, 0x000000070ce00000|  0%| F|  |TAMS 0x000000070cc00000| PB 0x000000070cc00000| Untracked 
|  69|0x000000070ce00000, 0x000000070ce00000, 0x000000070d000000|  0%| F|  |TAMS 0x000000070ce00000| PB 0x000000070ce00000| Untracked 
|  70|0x000000070d000000, 0x000000070d000000, 0x000000070d200000|  0%| F|  |TAMS 0x000000070d000000| PB 0x000000070d000000| Untracked 
|  71|0x000000070d200000, 0x000000070d200000, 0x000000070d400000|  0%| F|  |TAMS 0x000000070d200000| PB 0x000000070d200000| Untracked 
|  72|0x000000070d400000, 0x000000070d600000, 0x000000070d600000|100%| S|CS|TAMS 0x000000070d400000| PB 0x000000070d400000| Complete 
|  73|0x000000070d600000, 0x000000070d800000, 0x000000070d800000|100%| S|CS|TAMS 0x000000070d600000| PB 0x000000070d600000| Complete 
|  74|0x000000070d800000, 0x000000070da00000, 0x000000070da00000|100%| S|CS|TAMS 0x000000070d800000| PB 0x000000070d800000| Complete 
|  75|0x000000070da00000, 0x000000070dc00000, 0x000000070dc00000|100%| S|CS|TAMS 0x000000070da00000| PB 0x000000070da00000| Complete 
|  76|0x000000070dc00000, 0x000000070de00000, 0x000000070de00000|100%| S|CS|TAMS 0x000000070dc00000| PB 0x000000070dc00000| Complete 
|  77|0x000000070de00000, 0x000000070de00000, 0x000000070e000000|  0%| F|  |TAMS 0x000000070de00000| PB 0x000000070de00000| Untracked 
|  78|0x000000070e000000, 0x000000070e000000, 0x000000070e200000|  0%| F|  |TAMS 0x000000070e000000| PB 0x000000070e000000| Untracked 
|  79|0x000000070e200000, 0x000000070e200000, 0x000000070e400000|  0%| F|  |TAMS 0x000000070e200000| PB 0x000000070e200000| Untracked 
|  80|0x000000070e400000, 0x000000070e400000, 0x000000070e600000|  0%| F|  |TAMS 0x000000070e400000| PB 0x000000070e400000| Untracked 
|  81|0x000000070e600000, 0x000000070e600000, 0x000000070e800000|  0%| F|  |TAMS 0x000000070e600000| PB 0x000000070e600000| Untracked 
|  82|0x000000070e800000, 0x000000070e800000, 0x000000070ea00000|  0%| F|  |TAMS 0x000000070e800000| PB 0x000000070e800000| Untracked 
|  83|0x000000070ea00000, 0x000000070ea00000, 0x000000070ec00000|  0%| F|  |TAMS 0x000000070ea00000| PB 0x000000070ea00000| Untracked 
|  84|0x000000070ec00000, 0x000000070ec00000, 0x000000070ee00000|  0%| F|  |TAMS 0x000000070ec00000| PB 0x000000070ec00000| Untracked 
|  85|0x000000070ee00000, 0x000000070ee00000, 0x000000070f000000|  0%| F|  |TAMS 0x000000070ee00000| PB 0x000000070ee00000| Untracked 
|  86|0x000000070f000000, 0x000000070f000000, 0x000000070f200000|  0%| F|  |TAMS 0x000000070f000000| PB 0x000000070f000000| Untracked 
|  87|0x000000070f200000, 0x000000070f200000, 0x000000070f400000|  0%| F|  |TAMS 0x000000070f200000| PB 0x000000070f200000| Untracked 
|  88|0x000000070f400000, 0x000000070f400000, 0x000000070f600000|  0%| F|  |TAMS 0x000000070f400000| PB 0x000000070f400000| Untracked 
|  89|0x000000070f600000, 0x000000070f600000, 0x000000070f800000|  0%| F|  |TAMS 0x000000070f600000| PB 0x000000070f600000| Untracked 
|  90|0x000000070f800000, 0x000000070f800000, 0x000000070fa00000|  0%| F|  |TAMS 0x000000070f800000| PB 0x000000070f800000| Untracked 
|  91|0x000000070fa00000, 0x000000070fa00000, 0x000000070fc00000|  0%| F|  |TAMS 0x000000070fa00000| PB 0x000000070fa00000| Untracked 
|  92|0x000000070fc00000, 0x000000070fc00000, 0x000000070fe00000|  0%| F|  |TAMS 0x000000070fc00000| PB 0x000000070fc00000| Untracked 
|  93|0x000000070fe00000, 0x000000070fe00000, 0x0000000710000000|  0%| F|  |TAMS 0x000000070fe00000| PB 0x000000070fe00000| Untracked 
|  94|0x0000000710000000, 0x0000000710000000, 0x0000000710200000|  0%| F|  |TAMS 0x0000000710000000| PB 0x0000000710000000| Untracked 
|  95|0x0000000710200000, 0x0000000710200000, 0x0000000710400000|  0%| F|  |TAMS 0x0000000710200000| PB 0x0000000710200000| Untracked 
|  96|0x0000000710400000, 0x0000000710400000, 0x0000000710600000|  0%| F|  |TAMS 0x0000000710400000| PB 0x0000000710400000| Untracked 
|  97|0x0000000710600000, 0x0000000710800000, 0x0000000710800000|100%| E|  |TAMS 0x0000000710600000| PB 0x0000000710600000| Complete 
|  98|0x0000000710800000, 0x0000000710a00000, 0x0000000710a00000|100%| E|CS|TAMS 0x0000000710800000| PB 0x0000000710800000| Complete 
|  99|0x0000000710a00000, 0x0000000710c00000, 0x0000000710c00000|100%| E|CS|TAMS 0x0000000710a00000| PB 0x0000000710a00000| Complete 
| 100|0x0000000710c00000, 0x0000000710e00000, 0x0000000710e00000|100%| E|CS|TAMS 0x0000000710c00000| PB 0x0000000710c00000| Complete 
| 101|0x0000000710e00000, 0x0000000711000000, 0x0000000711000000|100%| E|CS|TAMS 0x0000000710e00000| PB 0x0000000710e00000| Complete 
| 102|0x0000000711000000, 0x0000000711200000, 0x0000000711200000|100%| E|CS|TAMS 0x0000000711000000| PB 0x0000000711000000| Complete 
| 103|0x0000000711200000, 0x0000000711400000, 0x0000000711400000|100%| E|CS|TAMS 0x0000000711200000| PB 0x0000000711200000| Complete 
| 104|0x0000000711400000, 0x0000000711600000, 0x0000000711600000|100%| E|CS|TAMS 0x0000000711400000| PB 0x0000000711400000| Complete 
| 105|0x0000000711600000, 0x0000000711800000, 0x0000000711800000|100%| E|CS|TAMS 0x0000000711600000| PB 0x0000000711600000| Complete 
| 106|0x0000000711800000, 0x0000000711a00000, 0x0000000711a00000|100%| E|CS|TAMS 0x0000000711800000| PB 0x0000000711800000| Complete 
| 107|0x0000000711a00000, 0x0000000711c00000, 0x0000000711c00000|100%| E|CS|TAMS 0x0000000711a00000| PB 0x0000000711a00000| Complete 
| 108|0x0000000711c00000, 0x0000000711e00000, 0x0000000711e00000|100%| E|CS|TAMS 0x0000000711c00000| PB 0x0000000711c00000| Complete 
| 110|0x0000000712000000, 0x0000000712200000, 0x0000000712200000|100%| E|CS|TAMS 0x0000000712000000| PB 0x0000000712000000| Complete 
| 125|0x0000000713e00000, 0x0000000714000000, 0x0000000714000000|100%| E|CS|TAMS 0x0000000713e00000| PB 0x0000000713e00000| Complete 

Card table byte_map: [0x00000198b22f0000,0x00000198b2ad0000] _byte_map_base: 0x00000198aeace000

Marking Bits: (CMBitMap*) 0x000001989f1a3f60
 Bits: [0x00000198b2ad0000, 0x00000198b69c0000)

Polling page: 0x000001989d0a0000

Metaspace:

Usage:
  Non-class:     73.04 MB used.
      Class:      8.32 MB used.
       Both:     81.36 MB used.

Virtual space:
  Non-class space:      128.00 MB reserved,      73.31 MB ( 57%) committed,  2 nodes.
      Class space:        1.00 GB reserved,       8.50 MB ( <1%) committed,  1 nodes.
             Both:        1.12 GB reserved,      81.81 MB (  7%) committed. 

Chunk freelists:
   Non-Class:  6.11 MB
       Class:  7.33 MB
        Both:  13.44 MB

MaxMetaspaceSize: unlimited
CompressedClassSpaceSize: 1.00 GB
Initial GC threshold: 21.00 MB
Current GC threshold: 115.12 MB
CDS: off
 - commit_granule_bytes: 65536.
 - commit_granule_words: 8192.
 - virtual_space_node_default_size: 8388608.
 - enlarge_chunks_in_place: 1.
 - use_allocation_guard: 0.


Internal statistics:

num_allocs_failed_limit: 6.
num_arena_births: 574.
num_arena_deaths: 0.
num_vsnodes_births: 3.
num_vsnodes_deaths: 0.
num_space_committed: 1306.
num_space_uncommitted: 0.
num_chunks_returned_to_freelist: 6.
num_chunks_taken_from_freelist: 3264.
num_chunk_merges: 6.
num_chunk_splits: 2620.
num_chunks_enlarged: 2268.
num_inconsistent_stats: 0.

CodeHeap 'non-profiled nmethods': size=119168Kb used=11614Kb max_used=11614Kb free=107553Kb
 bounds [0x00000198a9e30000, 0x00000198aa990000, 0x00000198b1290000]
CodeHeap 'profiled nmethods': size=119104Kb used=62475Kb max_used=62475Kb free=56628Kb
 bounds [0x00000198a2290000, 0x00000198a5fa0000, 0x00000198a96e0000]
CodeHeap 'non-nmethods': size=7488Kb used=3520Kb max_used=3554Kb free=3967Kb
 bounds [0x00000198a96e0000, 0x00000198a9a60000, 0x00000198a9e30000]
 total_blobs=16820 nmethods=15989 adapters=728
 compilation: enabled
              stopped_count=0, restarted_count=0
 full_count=0

Compilation events (20 events):
Event: 11.889 Thread 0x00000198b9cf06c0 nmethod 17562 0x00000198a5f7ad90 code [0x00000198a5f7b0a0, 0x00000198a5f7bf38]
Event: 11.889 Thread 0x00000198b9cf06c0 17566       3       org.jetbrains.kotlin.backend.common.ClassLoweringVisitor::visitCall (7 bytes)
Event: 11.889 Thread 0x00000198b9b968a0 nmethod 17560 0x00000198a5f7c490 code [0x00000198a5f7c7a0, 0x00000198a5f7d640]
Event: 11.889 Thread 0x00000198b9b968a0 17567       3       org.jetbrains.kotlin.backend.common.ClassLoweringVisitor::visitCall (6 bytes)
Event: 11.889 Thread 0x00000198be4dae40 nmethod 17564 0x00000198a5f7db90 code [0x00000198a5f7de80, 0x00000198a5f7eb08]
Event: 11.889 Thread 0x00000198be4dae40 17568       3       org.jetbrains.kotlin.backend.common.ClassLoweringVisitor::visitValueAccess (6 bytes)
Event: 11.890 Thread 0x00000198b9b968a0 nmethod 17567 0x00000198a5f7ef90 code [0x00000198a5f7f280, 0x00000198a5f7ff08]
Event: 11.890 Thread 0x00000198b9b968a0 17569       3       org.jetbrains.kotlin.backend.common.ClassLoweringVisitor::visitGetValue (13 bytes)
Event: 11.890 Thread 0x00000198b9cf06c0 nmethod 17566 0x00000198a5f80390 code [0x00000198a5f80680, 0x00000198a5f81308]
Event: 11.890 Thread 0x00000198b9cf06c0 17570       3       org.jetbrains.kotlin.backend.common.ClassLoweringVisitor::visitDeclaration (6 bytes)
Event: 11.890 Thread 0x00000198be1c78b0 nmethod 17565 0x00000198a5f81810 code [0x00000198a5f81b00, 0x00000198a5f828e8]
Event: 11.890 Thread 0x00000198be1c78b0 17571       3       org.jetbrains.kotlin.backend.common.ClassLoweringVisitor::visitGetValue (7 bytes)
Event: 11.890 Thread 0x00000198be4dae40 nmethod 17568 0x00000198a5f82e10 code [0x00000198a5f83100, 0x00000198a5f83e48]
Event: 11.890 Thread 0x00000198be4dae40 17572       3       org.jetbrains.kotlin.backend.common.ClassLoweringVisitor::visitGetValue (6 bytes)
Event: 11.891 Thread 0x00000198b9b968a0 nmethod 17569 0x00000198a5f84310 code [0x00000198a5f84600, 0x00000198a5f853e8]
Event: 11.891 Thread 0x00000198b9cf06c0 nmethod 17570 0x00000198a5f85910 code [0x00000198a5f85c40, 0x00000198a5f86c50]
Event: 11.891 Thread 0x00000198b9cf06c0 17573       3       org.jetbrains.kotlin.backend.common.ClassLoweringVisitor::visitContainerExpression (6 bytes)
Event: 11.891 Thread 0x00000198be4dae40 nmethod 17572 0x00000198a5f87210 code [0x00000198a5f87500, 0x00000198a5f88188]
Event: 11.891 Thread 0x00000198be1c78b0 nmethod 17571 0x00000198a5f88610 code [0x00000198a5f88900, 0x00000198a5f89588]
Event: 11.892 Thread 0x00000198b9cf06c0 nmethod 17573 0x00000198a5f89a90 code [0x00000198a5f89da0, 0x00000198a5f8ac38]

GC Heap History (20 events):
Event: 4.780 GC heap before
{Heap before GC invocations=16 (full 0):
 garbage-first heap   total 137216K, used 109988K [0x0000000704400000, 0x0000000800000000)
  region size 2048K, 23 young (47104K), 4 survivors (8192K)
 Metaspace       used 58638K, committed 59008K, reserved 1114112K
  class space    used 6487K, committed 6656K, reserved 1048576K
}
Event: 4.790 GC heap after
{Heap after GC invocations=17 (full 0):
 garbage-first heap   total 137216K, used 77204K [0x0000000704400000, 0x0000000800000000)
  region size 2048K, 3 young (6144K), 3 survivors (6144K)
 Metaspace       used 58638K, committed 59008K, reserved 1114112K
  class space    used 6487K, committed 6656K, reserved 1048576K
}
Event: 5.237 GC heap before
{Heap before GC invocations=18 (full 0):
 garbage-first heap   total 137216K, used 114068K [0x0000000704400000, 0x0000000800000000)
  region size 2048K, 21 young (43008K), 3 survivors (6144K)
 Metaspace       used 59155K, committed 59456K, reserved 1114112K
  class space    used 6528K, committed 6656K, reserved 1048576K
}
Event: 5.247 GC heap after
{Heap after GC invocations=19 (full 0):
 garbage-first heap   total 137216K, used 83317K [0x0000000704400000, 0x0000000800000000)
  region size 2048K, 3 young (6144K), 3 survivors (6144K)
 Metaspace       used 59155K, committed 59456K, reserved 1114112K
  class space    used 6528K, committed 6656K, reserved 1048576K
}
Event: 5.700 GC heap before
{Heap before GC invocations=19 (full 0):
 garbage-first heap   total 137216K, used 118133K [0x0000000704400000, 0x0000000800000000)
  region size 2048K, 20 young (40960K), 3 survivors (6144K)
 Metaspace       used 59489K, committed 59840K, reserved 1114112K
  class space    used 6543K, committed 6720K, reserved 1048576K
}
Event: 5.709 GC heap after
{Heap after GC invocations=20 (full 0):
 garbage-first heap   total 165888K, used 87572K [0x0000000704400000, 0x0000000800000000)
  region size 2048K, 3 young (6144K), 3 survivors (6144K)
 Metaspace       used 59489K, committed 59840K, reserved 1114112K
  class space    used 6543K, committed 6720K, reserved 1048576K
}
Event: 6.370 GC heap before
{Heap before GC invocations=20 (full 0):
 garbage-first heap   total 165888K, used 136724K [0x0000000704400000, 0x0000000800000000)
  region size 2048K, 27 young (55296K), 3 survivors (6144K)
 Metaspace       used 60071K, committed 60416K, reserved 1114112K
  class space    used 6560K, committed 6720K, reserved 1048576K
}
Event: 6.382 GC heap after
{Heap after GC invocations=21 (full 0):
 garbage-first heap   total 165888K, used 95600K [0x0000000704400000, 0x0000000800000000)
  region size 2048K, 4 young (8192K), 4 survivors (8192K)
 Metaspace       used 60071K, committed 60416K, reserved 1114112K
  class space    used 6560K, committed 6720K, reserved 1048576K
}
Event: 7.212 GC heap before
{Heap before GC invocations=22 (full 0):
 garbage-first heap   total 165888K, used 140656K [0x0000000704400000, 0x0000000800000000)
  region size 2048K, 27 young (55296K), 4 survivors (8192K)
 Metaspace       used 63545K, committed 63872K, reserved 1114112K
  class space    used 6844K, committed 6976K, reserved 1048576K
}
Event: 7.224 GC heap after
{Heap after GC invocations=23 (full 0):
 garbage-first heap   total 165888K, used 101473K [0x0000000704400000, 0x0000000800000000)
  region size 2048K, 3 young (6144K), 3 survivors (6144K)
 Metaspace       used 63545K, committed 63872K, reserved 1114112K
  class space    used 6844K, committed 6976K, reserved 1048576K
}
Event: 7.905 GC heap before
{Heap before GC invocations=23 (full 0):
 garbage-first heap   total 165888K, used 144481K [0x0000000704400000, 0x0000000800000000)
  region size 2048K, 24 young (49152K), 3 survivors (6144K)
 Metaspace       used 64876K, committed 65216K, reserved 1114112K
  class space    used 6914K, committed 7040K, reserved 1048576K
}
Event: 7.917 GC heap after
{Heap after GC invocations=24 (full 0):
 garbage-first heap   total 165888K, used 106496K [0x0000000704400000, 0x0000000800000000)
  region size 2048K, 3 young (6144K), 3 survivors (6144K)
 Metaspace       used 64876K, committed 65216K, reserved 1114112K
  class space    used 6914K, committed 7040K, reserved 1048576K
}
Event: 8.489 GC heap before
{Heap before GC invocations=24 (full 0):
 garbage-first heap   total 165888K, used 145408K [0x0000000704400000, 0x0000000800000000)
  region size 2048K, 23 young (47104K), 3 survivors (6144K)
 Metaspace       used 69589K, committed 69888K, reserved 1114112K
  class space    used 7306K, committed 7424K, reserved 1048576K
}
Event: 8.509 GC heap after
{Heap after GC invocations=25 (full 0):
 garbage-first heap   total 165888K, used 112640K [0x0000000704400000, 0x0000000800000000)
  region size 2048K, 3 young (6144K), 3 survivors (6144K)
 Metaspace       used 69589K, committed 69888K, reserved 1114112K
  class space    used 7306K, committed 7424K, reserved 1048576K
}
Event: 9.238 GC heap before
{Heap before GC invocations=26 (full 0):
 garbage-first heap   total 188416K, used 147456K [0x0000000704400000, 0x0000000800000000)
  region size 2048K, 20 young (40960K), 3 survivors (6144K)
 Metaspace       used 72989K, committed 73344K, reserved 1179648K
  class space    used 7598K, committed 7744K, reserved 1048576K
}
Event: 9.249 GC heap after
{Heap after GC invocations=27 (full 0):
 garbage-first heap   total 188416K, used 118784K [0x0000000704400000, 0x0000000800000000)
  region size 2048K, 3 young (6144K), 3 survivors (6144K)
 Metaspace       used 72989K, committed 73344K, reserved 1179648K
  class space    used 7598K, committed 7744K, reserved 1048576K
}
Event: 10.101 GC heap before
{Heap before GC invocations=27 (full 0):
 garbage-first heap   total 188416K, used 165888K [0x0000000704400000, 0x0000000800000000)
  region size 2048K, 26 young (53248K), 3 survivors (6144K)
 Metaspace       used 77107K, committed 77440K, reserved 1179648K
  class space    used 7966K, committed 8128K, reserved 1048576K
}
Event: 10.112 GC heap after
{Heap after GC invocations=28 (full 0):
 garbage-first heap   total 227328K, used 122592K [0x0000000704400000, 0x0000000800000000)
  region size 2048K, 3 young (6144K), 3 survivors (6144K)
 Metaspace       used 77107K, committed 77440K, reserved 1179648K
  class space    used 7966K, committed 8128K, reserved 1048576K
}
Event: 11.325 GC heap before
{Heap before GC invocations=28 (full 0):
 garbage-first heap   total 227328K, used 190176K [0x0000000704400000, 0x0000000800000000)
  region size 2048K, 37 young (75776K), 3 survivors (6144K)
 Metaspace       used 79092K, committed 79488K, reserved 1179648K
  class space    used 8126K, committed 8320K, reserved 1048576K
}
Event: 11.339 GC heap after
{Heap after GC invocations=29 (full 0):
 garbage-first heap   total 227328K, used 139264K [0x0000000704400000, 0x0000000800000000)
  region size 2048K, 5 young (10240K), 5 survivors (10240K)
 Metaspace       used 79092K, committed 79488K, reserved 1179648K
  class space    used 8126K, committed 8320K, reserved 1048576K
}

Dll operation events (3 events):
Event: 0.010 Loaded shared library D:\android-studio\jbr\bin\java.dll
Event: 0.016 Loaded shared library D:\android-studio\jbr\bin\zip.dll
Event: 0.881 Loaded shared library D:\android-studio\jbr\bin\verify.dll

Deoptimization events (20 events):
Event: 11.728 Thread 0x000001989cf46860 Uncommon trap: trap_request=0xffffff45 fr.pc=0x00000198aa8dde78 relative=0x0000000000000878
Event: 11.728 Thread 0x000001989cf46860 Uncommon trap: reason=unstable_if action=reinterpret pc=0x00000198aa8dde78 method=org.jetbrains.kotlin.ir.types.IrTypePredicatesKt.isClassType(Lorg/jetbrains/kotlin/ir/types/IrType;Lorg/jetbrains/kotlin/ir/util/IdSignature$CommonSignature;Ljava/lang/Boole
Event: 11.728 Thread 0x000001989cf46860 DEOPT PACKING pc=0x00000198aa8dde78 sp=0x0000000ff00fb1f0
Event: 11.728 Thread 0x000001989cf46860 DEOPT UNPACKING pc=0x00000198a97346a2 sp=0x0000000ff00fb1a0 mode 2
Event: 11.804 Thread 0x000001989cf46860 Uncommon trap: trap_request=0xffffffde fr.pc=0x00000198aa9609c0 relative=0x0000000000000b60
Event: 11.804 Thread 0x000001989cf46860 Uncommon trap: reason=class_check action=maybe_recompile pc=0x00000198aa9609c0 method=org.jetbrains.kotlin.ir.util.IrTypeUtilsKt.isUnsigned(Lorg/jetbrains/kotlin/ir/types/IrType;)Z @ 26 c2
Event: 11.804 Thread 0x000001989cf46860 DEOPT PACKING pc=0x00000198aa9609c0 sp=0x0000000ff00fc490
Event: 11.804 Thread 0x000001989cf46860 DEOPT UNPACKING pc=0x00000198a97346a2 sp=0x0000000ff00fc410 mode 2
Event: 11.804 Thread 0x000001989cf46860 Uncommon trap: trap_request=0xffffffde fr.pc=0x00000198aa9609c0 relative=0x0000000000000b60
Event: 11.804 Thread 0x000001989cf46860 Uncommon trap: reason=class_check action=maybe_recompile pc=0x00000198aa9609c0 method=org.jetbrains.kotlin.ir.util.IrTypeUtilsKt.isUnsigned(Lorg/jetbrains/kotlin/ir/types/IrType;)Z @ 26 c2
Event: 11.804 Thread 0x000001989cf46860 DEOPT PACKING pc=0x00000198aa9609c0 sp=0x0000000ff00fc3c0
Event: 11.804 Thread 0x000001989cf46860 DEOPT UNPACKING pc=0x00000198a97346a2 sp=0x0000000ff00fc340 mode 2
Event: 11.804 Thread 0x000001989cf46860 Uncommon trap: trap_request=0xffffffde fr.pc=0x00000198aa9609c0 relative=0x0000000000000b60
Event: 11.804 Thread 0x000001989cf46860 Uncommon trap: reason=class_check action=maybe_recompile pc=0x00000198aa9609c0 method=org.jetbrains.kotlin.ir.util.IrTypeUtilsKt.isUnsigned(Lorg/jetbrains/kotlin/ir/types/IrType;)Z @ 26 c2
Event: 11.804 Thread 0x000001989cf46860 DEOPT PACKING pc=0x00000198aa9609c0 sp=0x0000000ff00fcb50
Event: 11.804 Thread 0x000001989cf46860 DEOPT UNPACKING pc=0x00000198a97346a2 sp=0x0000000ff00fcad0 mode 2
Event: 11.804 Thread 0x000001989cf46860 Uncommon trap: trap_request=0xffffffde fr.pc=0x00000198aa9609c0 relative=0x0000000000000b60
Event: 11.804 Thread 0x000001989cf46860 Uncommon trap: reason=class_check action=maybe_recompile pc=0x00000198aa9609c0 method=org.jetbrains.kotlin.ir.util.IrTypeUtilsKt.isUnsigned(Lorg/jetbrains/kotlin/ir/types/IrType;)Z @ 26 c2
Event: 11.804 Thread 0x000001989cf46860 DEOPT PACKING pc=0x00000198aa9609c0 sp=0x0000000ff00fcb50
Event: 11.804 Thread 0x000001989cf46860 DEOPT UNPACKING pc=0x00000198a97346a2 sp=0x0000000ff00fcad0 mode 2

Classes loaded (20 events):
Event: 10.055 Loading class java/util/Formatter$FormatString done
Event: 10.055 Loading class java/util/Formatter$FixedString done
Event: 10.056 Loading class java/util/Formatter$Conversion
Event: 10.056 Loading class java/util/Formatter$Conversion done
Event: 10.056 Loading class java/util/Formatter$FormatSpecifier
Event: 10.056 Loading class java/util/Formatter$FormatSpecifier done
Event: 10.057 Loading class java/util/Formattable
Event: 10.057 Loading class java/util/Formattable done
Event: 10.057 Loading class java/util/Formatter$Flags
Event: 10.057 Loading class java/util/Formatter$Flags done
Event: 10.141 Loading class java/lang/invoke/BoundMethodHandle$Species_LLJ
Event: 10.141 Loading class java/lang/invoke/BoundMethodHandle$Species_LLJ done
Event: 10.810 Loading class java/lang/invoke/BoundMethodHandle$Species_LLLJ
Event: 10.810 Loading class java/lang/invoke/BoundMethodHandle$Species_LLLJ done
Event: 10.812 Loading class java/lang/invoke/LambdaFormEditor$1
Event: 10.812 Loading class java/lang/invoke/LambdaFormEditor$1 done
Event: 10.812 Loading class java/util/TreeMap$EntrySet
Event: 10.812 Loading class java/util/TreeMap$EntrySet done
Event: 10.812 Loading class java/util/TreeMap$EntryIterator
Event: 10.812 Loading class java/util/TreeMap$EntryIterator done

Classes unloaded (0 events):
No events

Classes redefined (0 events):
No events

Internal exceptions (20 events):
Event: 8.648 Thread 0x000001989cf46860 Exception <a 'java/lang/NoSuchMethodError'{0x000000070f6f67f0}: 'java.lang.Object java.lang.invoke.DirectMethodHandle$Holder.newInvokeSpecial(java.lang.Object, java.lang.Object, java.lang.Object, java.lang.Object, java.lang.Object, java.lang.Object, java.lang.Object, java.lang.Object, int)'> (0x000000070f6f67f0) 
thrown [s\src\hotspot\share\interpreter\linkResolver.cpp, line 784]
Event: 8.648 Thread 0x000001989cf46860 Exception <a 'java/lang/NoSuchMethodError'{0x000000070f6fb528}: 'java.lang.Object java.lang.invoke.DirectMethodHandle$Holder.invokeSpecial(java.lang.Object, java.lang.Object, java.lang.Object, java.lang.Object, java.lang.Object, java.lang.Object, java.lang.Object, java.lang.Object, java.lang.Object, int)'> (0x000000070f6fb528) 
thrown [s\src\hotspot\share\interpreter\linkResolver.cpp, line 784]
Event: 8.658 Thread 0x000001989cf46860 Exception <a 'java/lang/NoSuchMethodError'{0x000000070f75c980}: 'java.lang.Object java.lang.invoke.DirectMethodHandle$Holder.invokeStatic(java.lang.Object, java.lang.Object, int, int)'> (0x000000070f75c980) 
thrown [s\src\hotspot\share\interpreter\linkResolver.cpp, line 784]
Event: 8.659 Thread 0x000001989cf46860 Exception <a 'java/lang/NoSuchMethodError'{0x000000070f7632b8}: 'java.lang.Object java.lang.invoke.DirectMethodHandle$Holder.newInvokeSpecial(java.lang.Object, java.lang.Object, int, int)'> (0x000000070f7632b8) 
thrown [s\src\hotspot\share\interpreter\linkResolver.cpp, line 784]
Event: 8.659 Thread 0x000001989cf46860 Exception <a 'java/lang/NoSuchMethodError'{0x000000070f767498}: 'java.lang.Object java.lang.invoke.DirectMethodHandle$Holder.invokeSpecial(java.lang.Object, java.lang.Object, java.lang.Object, int, int)'> (0x000000070f767498) 
thrown [s\src\hotspot\share\interpreter\linkResolver.cpp, line 784]
Event: 8.659 Thread 0x000001989cf46860 Exception <a 'java/lang/NoSuchMethodError'{0x000000070f76b070}: 'java.lang.Object java.lang.invoke.Invokers$Holder.linkToTargetMethod(java.lang.Object, int, int, java.lang.Object)'> (0x000000070f76b070) 
thrown [s\src\hotspot\share\interpreter\linkResolver.cpp, line 784]
Event: 8.705 Thread 0x000001989cf46860 Exception <a 'java/lang/NoSuchMethodError'{0x000000070f590fa0}: 'java.lang.Object java.lang.invoke.DirectMethodHandle$Holder.newInvokeSpecial(java.lang.Object, java.lang.Object, java.lang.Object, java.lang.Object, java.lang.Object, java.lang.Object, java.lang.Object, int)'> (0x000000070f590fa0) 
thrown [s\src\hotspot\share\interpreter\linkResolver.cpp, line 784]
Event: 8.705 Thread 0x000001989cf46860 Exception <a 'java/lang/NoSuchMethodError'{0x000000070f595a40}: 'java.lang.Object java.lang.invoke.DirectMethodHandle$Holder.invokeSpecial(java.lang.Object, java.lang.Object, java.lang.Object, java.lang.Object, java.lang.Object, java.lang.Object, java.lang.Object, java.lang.Object, int)'> (0x000000070f595a40) 
thrown [s\src\hotspot\share\interpreter\linkResolver.cpp, line 784]
Event: 8.705 Thread 0x000001989cf46860 Exception <a 'java/lang/NoSuchMethodError'{0x000000070f599968}: 'java.lang.Object java.lang.invoke.Invokers$Holder.linkToTargetMethod(java.lang.Object, java.lang.Object, java.lang.Object, java.lang.Object, java.lang.Object, java.lang.Object, int, java.lang.Object)'> (0x000000070f599968) 
thrown [s\src\hotspot\share\interpreter\linkResolver.cpp, line 784]
Event: 9.762 Thread 0x000001989cf46860 Exception <a 'java/lang/NoSuchMethodError'{0x000000070dfd46f8}: 'java.lang.Object java.lang.invoke.DirectMethodHandle$Holder.invokeStatic(java.lang.Object, java.lang.Object, int, java.lang.Object, java.lang.Object)'> (0x000000070dfd46f8) 
thrown [s\src\hotspot\share\interpreter\linkResolver.cpp, line 784]
Event: 9.762 Thread 0x000001989cf46860 Exception <a 'java/lang/NoSuchMethodError'{0x000000070dfdb7f8}: 'java.lang.Object java.lang.invoke.DirectMethodHandle$Holder.newInvokeSpecial(java.lang.Object, java.lang.Object, int, java.lang.Object, java.lang.Object)'> (0x000000070dfdb7f8) 
thrown [s\src\hotspot\share\interpreter\linkResolver.cpp, line 784]
Event: 9.763 Thread 0x000001989cf46860 Exception <a 'java/lang/NoSuchMethodError'{0x000000070dfdfcf0}: 'java.lang.Object java.lang.invoke.DirectMethodHandle$Holder.invokeSpecial(java.lang.Object, java.lang.Object, java.lang.Object, int, java.lang.Object, java.lang.Object)'> (0x000000070dfdfcf0) 
thrown [s\src\hotspot\share\interpreter\linkResolver.cpp, line 784]
Event: 9.763 Thread 0x000001989cf46860 Exception <a 'java/lang/NoSuchMethodError'{0x000000070dfe37e8}: 'java.lang.Object java.lang.invoke.Invokers$Holder.linkToTargetMethod(java.lang.Object, int, java.lang.Object, java.lang.Object, java.lang.Object)'> (0x000000070dfe37e8) 
thrown [s\src\hotspot\share\interpreter\linkResolver.cpp, line 784]
Event: 10.712 Thread 0x000001989cf46860 Implicit null exception at 0x00000198aa7fabe0 to 0x00000198aa7facfd
Event: 11.207 Thread 0x000001989cf46860 Exception <a 'java/lang/NoSuchMethodError'{0x000000070e344858}: 'java.lang.Object java.lang.invoke.DirectMethodHandle$Holder.invokeStatic(java.lang.Object, java.lang.Object, java.lang.Object, java.lang.Object, java.lang.Object, int, java.lang.Object, java.lang.Object)'> (0x000000070e344858) 
thrown [s\src\hotspot\share\interpreter\linkResolver.cpp, line 784]
Event: 11.231 Thread 0x000001989cf46860 Exception <a 'java/lang/NoSuchMethodError'{0x000000070e00be88}: 'java.lang.Object java.lang.invoke.DirectMethodHandle$Holder.newInvokeSpecial(java.lang.Object, java.lang.Object, int, java.lang.Object)'> (0x000000070e00be88) 
thrown [s\src\hotspot\share\interpreter\linkResolver.cpp, line 784]
Event: 11.231 Thread 0x000001989cf46860 Exception <a 'java/lang/NoSuchMethodError'{0x000000070e00fa78}: 'java.lang.Object java.lang.invoke.DirectMethodHandle$Holder.invokeSpecial(java.lang.Object, java.lang.Object, java.lang.Object, int, java.lang.Object)'> (0x000000070e00fa78) 
thrown [s\src\hotspot\share\interpreter\linkResolver.cpp, line 784]
Event: 11.232 Thread 0x000001989cf46860 Exception <a 'java/lang/NoSuchMethodError'{0x000000070e013198}: 'java.lang.Object java.lang.invoke.Invokers$Holder.linkToTargetMethod(java.lang.Object, int, java.lang.Object, java.lang.Object)'> (0x000000070e013198) 
thrown [s\src\hotspot\share\interpreter\linkResolver.cpp, line 784]
Event: 11.584 Thread 0x000001989cf46860 Exception <a 'java/lang/NoSuchMethodError'{0x000000071155df70}: 'java.lang.Object java.lang.invoke.DirectMethodHandle$Holder.newInvokeSpecial(java.lang.Object, int, java.lang.Object, int)'> (0x000000071155df70) 
thrown [s\src\hotspot\share\interpreter\linkResolver.cpp, line 784]
Event: 11.728 Thread 0x000001989cf46860 Implicit null exception at 0x00000198aa8dd62e to 0x00000198aa8dde5c

ZGC Phase Switch (0 events):
No events

VM Operations (20 events):
Event: 11.325 Executing VM operation: G1CollectForAllocation (G1 Evacuation Pause)
Event: 11.339 Executing VM operation: G1CollectForAllocation (G1 Evacuation Pause) done
Event: 11.483 Executing VM operation: HandshakeAllThreads (Deoptimize)
Event: 11.483 Executing VM operation: HandshakeAllThreads (Deoptimize) done
Event: 11.530 Executing VM operation: HandshakeAllThreads (Deoptimize)
Event: 11.530 Executing VM operation: HandshakeAllThreads (Deoptimize) done
Event: 11.603 Executing VM operation: HandshakeAllThreads (Deoptimize)
Event: 11.603 Executing VM operation: HandshakeAllThreads (Deoptimize) done
Event: 11.604 Executing VM operation: HandshakeAllThreads (Deoptimize)
Event: 11.604 Executing VM operation: HandshakeAllThreads (Deoptimize) done
Event: 11.639 Executing VM operation: HandshakeAllThreads (Deoptimize)
Event: 11.639 Executing VM operation: HandshakeAllThreads (Deoptimize) done
Event: 11.654 Executing VM operation: ICBufferFull
Event: 11.654 Executing VM operation: ICBufferFull done
Event: 11.723 Executing VM operation: ICBufferFull
Event: 11.724 Executing VM operation: ICBufferFull done
Event: 11.841 Executing VM operation: HandshakeAllThreads (Deoptimize)
Event: 11.841 Executing VM operation: HandshakeAllThreads (Deoptimize) done
Event: 11.883 Executing VM operation: ICBufferFull
Event: 11.884 Executing VM operation: ICBufferFull done

Memory protections (0 events):
No events

Nmethod flushes (20 events):
Event: 8.579 Thread 0x00000198b9ada080 flushing  nmethod 0x00000198a33d2890
Event: 8.579 Thread 0x00000198b9ada080 flushing  nmethod 0x00000198a33f3d10
Event: 8.579 Thread 0x00000198b9ada080 flushing  nmethod 0x00000198a33f7b10
Event: 8.579 Thread 0x00000198b9ada080 flushing  nmethod 0x00000198a33fc210
Event: 8.579 Thread 0x00000198b9ada080 flushing  nmethod 0x00000198a33fc590
Event: 8.579 Thread 0x00000198b9ada080 flushing  nmethod 0x00000198a3418b90
Event: 8.579 Thread 0x00000198b9ada080 flushing  nmethod 0x00000198a3427210
Event: 8.579 Thread 0x00000198b9ada080 flushing  nmethod 0x00000198a347af10
Event: 8.579 Thread 0x00000198b9ada080 flushing  nmethod 0x00000198a347bb90
Event: 8.579 Thread 0x00000198b9ada080 flushing  nmethod 0x00000198a347d610
Event: 8.579 Thread 0x00000198b9ada080 flushing  nmethod 0x00000198a347f410
Event: 8.579 Thread 0x00000198b9ada080 flushing  nmethod 0x00000198a34f9510
Event: 8.579 Thread 0x00000198b9ada080 flushing  nmethod 0x00000198a34fa990
Event: 8.579 Thread 0x00000198b9ada080 flushing  nmethod 0x00000198a3501d10
Event: 8.579 Thread 0x00000198b9ada080 flushing  nmethod 0x00000198a3662410
Event: 8.579 Thread 0x00000198b9ada080 flushing  nmethod 0x00000198a36d8d90
Event: 8.579 Thread 0x00000198b9ada080 flushing  nmethod 0x00000198a36dab90
Event: 8.579 Thread 0x00000198b9ada080 flushing  nmethod 0x00000198a39ed710
Event: 8.579 Thread 0x00000198b9ada080 flushing  nmethod 0x00000198a3a75690
Event: 8.579 Thread 0x00000198b9ada080 flushing  nmethod 0x00000198a4093b90

Events (20 events):
Event: 0.130 Thread 0x00000198b9b95e10 Thread added: 0x00000198b9e0bba0
Event: 0.130 Thread 0x00000198b9b95e10 Thread added: 0x00000198b9e101b0
Event: 0.142 Loaded shared library D:\android-studio\jbr\bin\zip.dll
Event: 0.164 Loaded shared library D:\android-studio\jbr\bin\jimage.dll
Event: 0.266 Thread 0x00000198b9cf06c0 Thread added: 0x00000198be1c78b0
Event: 0.407 Thread 0x00000198b9cf06c0 Thread added: 0x00000198be4dae40
Event: 1.622 Thread 0x00000198b9e101b0 Thread exited: 0x00000198b9e101b0
Event: 1.797 Thread 0x00000198be1c78b0 Thread added: 0x00000198c17c4b70
Event: 1.802 Thread 0x00000198b9cf06c0 Thread added: 0x00000198c130b7a0
Event: 1.803 Thread 0x00000198be4dae40 Thread added: 0x00000198c130be40
Event: 3.782 Thread 0x00000198be1c78b0 Thread added: 0x00000198c29b1c10
Event: 8.538 Thread 0x00000198c29b1c10 Thread exited: 0x00000198c29b1c10
Event: 8.560 Thread 0x00000198c130b7a0 Thread exited: 0x00000198c130b7a0
Event: 8.560 Thread 0x00000198c130be40 Thread exited: 0x00000198c130be40
Event: 8.560 Thread 0x00000198c17c4b70 Thread exited: 0x00000198c17c4b70
Event: 9.045 Thread 0x00000198b9cf06c0 Thread added: 0x00000198c06a2730
Event: 9.218 Thread 0x00000198b9b968a0 Thread added: 0x00000198c29b1c10
Event: 9.277 Thread 0x00000198c29b1c10 Thread added: 0x00000198c29b3080
Event: 9.277 Thread 0x00000198c29b1c10 Thread added: 0x00000198c2a23d80
Event: 11.555 Thread 0x00000198c2a23d80 Thread exited: 0x00000198c2a23d80


Dynamic libraries:
0x00007ff6b2780000 - 0x00007ff6b278a000 	D:\android-studio\jbr\bin\java.exe
0x00007ffdb2050000 - 0x00007ffdb2267000 	C:\WINDOWS\SYSTEM32\ntdll.dll
0x00007ffdb1a60000 - 0x00007ffdb1b24000 	C:\WINDOWS\System32\KERNEL32.DLL
0x00007ffdaf160000 - 0x00007ffdaf533000 	C:\WINDOWS\System32\KERNELBASE.dll
0x00007ffdaf570000 - 0x00007ffdaf681000 	C:\WINDOWS\System32\ucrtbase.dll
0x00007ffda7060000 - 0x00007ffda7078000 	D:\android-studio\jbr\bin\jli.dll
0x00007ffda74c0000 - 0x00007ffda74db000 	D:\android-studio\jbr\bin\VCRUNTIME140.dll
0x00007ffdb18a0000 - 0x00007ffdb1a51000 	C:\WINDOWS\System32\USER32.dll
0x00007ffdaf540000 - 0x00007ffdaf566000 	C:\WINDOWS\System32\win32u.dll
0x00007ffdb1350000 - 0x00007ffdb1379000 	C:\WINDOWS\System32\GDI32.dll
0x00007ffdaf850000 - 0x00007ffdaf96b000 	C:\WINDOWS\System32\gdi32full.dll
0x00007ffd939d0000 - 0x00007ffd93c68000 	C:\WINDOWS\WinSxS\amd64_microsoft.windows.common-controls_6595b64144ccf1df_6.0.22621.5124_none_270e8f4f7386d69d\COMCTL32.dll
0x00007ffdaf970000 - 0x00007ffdafa0a000 	C:\WINDOWS\System32\msvcp_win.dll
0x00007ffdb1d20000 - 0x00007ffdb1dc7000 	C:\WINDOWS\System32\msvcrt.dll
0x00007ffdb1160000 - 0x00007ffdb1191000 	C:\WINDOWS\System32\IMM32.DLL
0x00007ffda74a0000 - 0x00007ffda74ac000 	D:\android-studio\jbr\bin\vcruntime140_1.dll
0x00007ffd42b90000 - 0x00007ffd42c1d000 	D:\android-studio\jbr\bin\msvcp140.dll
0x00007ffd16880000 - 0x00007ffd1750a000 	D:\android-studio\jbr\bin\server\jvm.dll
0x00007ffdb1e60000 - 0x00007ffdb1f11000 	C:\WINDOWS\System32\ADVAPI32.dll
0x00007ffdb02d0000 - 0x00007ffdb0378000 	C:\WINDOWS\System32\sechost.dll
0x00007ffdafa10000 - 0x00007ffdafa38000 	C:\WINDOWS\System32\bcrypt.dll
0x00007ffdb1b90000 - 0x00007ffdb1ca4000 	C:\WINDOWS\System32\RPCRT4.dll
0x00007ffdb1dd0000 - 0x00007ffdb1e41000 	C:\WINDOWS\System32\WS2_32.dll
0x00007ffdaf030000 - 0x00007ffdaf07d000 	C:\WINDOWS\SYSTEM32\POWRPROF.dll
0x00007ffda56f0000 - 0x00007ffda5724000 	C:\WINDOWS\SYSTEM32\WINMM.dll
0x00007ffd97f60000 - 0x00007ffd97f6a000 	C:\WINDOWS\SYSTEM32\VERSION.dll
0x00007ffdaf010000 - 0x00007ffdaf023000 	C:\WINDOWS\SYSTEM32\UMPDC.dll
0x00007ffdae190000 - 0x00007ffdae1a8000 	C:\WINDOWS\SYSTEM32\kernel.appcore.dll
0x00007ffda7490000 - 0x00007ffda749a000 	D:\android-studio\jbr\bin\jimage.dll
0x00007ffdac8d0000 - 0x00007ffdacb02000 	C:\WINDOWS\SYSTEM32\DBGHELP.DLL
0x00007ffdaff30000 - 0x00007ffdb02c2000 	C:\WINDOWS\System32\combase.dll
0x00007ffdb1f30000 - 0x00007ffdb2007000 	C:\WINDOWS\System32\OLEAUT32.dll
0x00007ffd8b3d0000 - 0x00007ffd8b402000 	C:\WINDOWS\SYSTEM32\dbgcore.DLL
0x00007ffdaf690000 - 0x00007ffdaf70b000 	C:\WINDOWS\System32\bcryptPrimitives.dll
0x00007ffda62f0000 - 0x00007ffda6310000 	D:\android-studio\jbr\bin\java.dll
0x00007ffda53f0000 - 0x00007ffda5408000 	D:\android-studio\jbr\bin\zip.dll
0x00007ffdb0830000 - 0x00007ffdb10c6000 	C:\WINDOWS\System32\SHELL32.dll
0x00007ffdafa40000 - 0x00007ffdafb7f000 	C:\WINDOWS\System32\wintypes.dll
0x00007ffdad080000 - 0x00007ffdad99a000 	C:\WINDOWS\SYSTEM32\windows.storage.dll
0x00007ffdb0380000 - 0x00007ffdb048a000 	C:\WINDOWS\System32\SHCORE.dll
0x00007ffdafcf0000 - 0x00007ffdafd53000 	C:\WINDOWS\System32\shlwapi.dll
0x00007ffdaf090000 - 0x00007ffdaf0bb000 	C:\WINDOWS\SYSTEM32\profapi.dll
0x00007ffda6680000 - 0x00007ffda6690000 	D:\android-studio\jbr\bin\net.dll
0x00007ffda7bd0000 - 0x00007ffda7cfc000 	C:\WINDOWS\SYSTEM32\WINHTTP.dll
0x00007ffdae610000 - 0x00007ffdae67a000 	C:\WINDOWS\system32\mswsock.dll
0x00007ffda53d0000 - 0x00007ffda53e6000 	D:\android-studio\jbr\bin\nio.dll
0x00007ffda5360000 - 0x00007ffda5370000 	D:\android-studio\jbr\bin\verify.dll

dbghelp: loaded successfully - version: 4.0.5 - missing functions: none
symbol engine: initialized successfully - sym options: 0x614 - pdb path: .;D:\android-studio\jbr\bin;C:\WINDOWS\SYSTEM32;C:\WINDOWS\WinSxS\amd64_microsoft.windows.common-controls_6595b64144ccf1df_6.0.22621.5124_none_270e8f4f7386d69d;D:\android-studio\jbr\bin\server

VM Arguments:
java_command: org.jetbrains.kotlin.cli.jvm.K2JVMCompiler @E:\Android-app-development\final-project\11\myPlayer-Android\app\build\20250514_17021122529665690174.compiler.options
java_class_path (initial): C:\Users\7107\.gradle\caches\modules-2\files-2.1\org.jetbrains.kotlin\kotlin-compiler-embeddable\2.0.0\1de310de3446414381282ffc46c3ed3919a4d1da\kotlin-compiler-embeddable-2.0.0.jar;C:\Users\7107\.gradle\caches\modules-2\files-2.1\org.jetbrains.kotlin\kotlin-stdlib\2.0.0\b48df2c4aede9586cc931ead433bc02d6fd7879e\kotlin-stdlib-2.0.0.jar;C:\Users\7107\.gradle\caches\modules-2\files-2.1\org.jetbrains.kotlin\kotlin-script-runtime\2.0.0\fdc27dd047d592fa41d2dfa21e7621287a361612\kotlin-script-runtime-2.0.0.jar;C:\Users\7107\.gradle\caches\modules-2\files-2.1\org.jetbrains.kotlin\kotlin-reflect\1.6.10\1cbe9c92c12a94eea200d23c2bbaedaf3daf5132\kotlin-reflect-1.6.10.jar;C:\Users\7107\.gradle\caches\modules-2\files-2.1\org.jetbrains.kotlin\kotlin-daemon-embeddable\2.0.0\b39c612768614c4428c96ee9c65477181fffe9d\kotlin-daemon-embeddable-2.0.0.jar;C:\Users\7107\.gradle\caches\modules-2\files-2.1\org.jetbrains.intellij.deps\trove4j\1.0.20200330\3afb14d5f9ceb459d724e907a21145e8ff394f02\trove4j-1.0.20200330.jar;C:\Users\7107\.gradle\caches\modules-2\files-2.1\org.jetbrains\annotations\13.0\919f0dfe192fb4e063e7dacadee7f8bb9a2672a9\annotations-13.0.jar
Launcher Type: SUN_STANDARD

[Global flags]
     intx CICompilerCount                          = 12                                        {product} {ergonomic}
     uint ConcGCThreads                            = 3                                         {product} {ergonomic}
     uint G1ConcRefinementThreads                  = 13                                        {product} {ergonomic}
   size_t G1HeapRegionSize                         = 2097152                                   {product} {ergonomic}
    uintx GCDrainStackTargetSize                   = 64                                        {product} {ergonomic}
   size_t InitialHeapSize                          = 264241152                                 {product} {ergonomic}
   size_t MarkStackSize                            = 4194304                                   {product} {ergonomic}
   size_t MaxHeapSize                              = 4223664128                                {product} {ergonomic}
   size_t MaxNewSize                               = 2533359616                                {product} {ergonomic}
   size_t MinHeapDeltaBytes                        = 2097152                                   {product} {ergonomic}
   size_t MinHeapSize                              = 8388608                                   {product} {ergonomic}
    uintx NonNMethodCodeHeapSize                   = 7602480                                {pd product} {ergonomic}
    uintx NonProfiledCodeHeapSize                  = 122027880                              {pd product} {ergonomic}
    uintx ProfiledCodeHeapSize                     = 122027880                              {pd product} {ergonomic}
    uintx ReservedCodeCacheSize                    = 251658240                              {pd product} {ergonomic}
     bool SegmentedCodeCache                       = true                                      {product} {ergonomic}
   size_t SoftMaxHeapSize                          = 4223664128                             {manageable} {ergonomic}
     bool UseCompressedOops                        = true                           {product lp64_product} {ergonomic}
     bool UseG1GC                                  = true                                      {product} {ergonomic}
     bool UseLargePagesIndividualAllocation        = false                                  {pd product} {ergonomic}

Logging:
Log output configuration:
 #0: stdout all=warning uptime,level,tags foldmultilines=false
 #1: stderr all=off uptime,level,tags foldmultilines=false

Environment Variables:
PATH=D:\VM\bin\;C:\Users\7107\AppData\Local\Programs\Python\Python310\Scripts;C:\Users\7107\AppData\Local\Programs\Python\Python310;C:\Program Files (x86)\Common Files\Oracle\Java\javapath;D:\anaconda;D:\anaconda\Library\mingw-w64\bin;D:\anaconda\Library\usr\bin;D:\anaconda\Library\bin;D:\anaconda\Scripts;D:\python\Scripts\;D:\python\;E:\java_ee\1.8\bin;C:\Windows\System32\HWAudioDriverLibs;C:\Windows\system32;C:\Windows;C:\Windows\System32\Wbem;C:\Windows\System32\WindowsPowerShell\v1.0\;C:\Windows\System32\OpenSSH\;C:\Users\Administrator\AppData\Local\Microsoft\WindowsApps;C:\WINDOWS\system32;C:\WINDOWS;C:\WINDOWS\System32\Wbem;C:\WINDOWS\System32\WindowsPowerShell\v1.0\;C:\WINDOWS\System32\OpenSSH\;D:\Matlab\runtime\win64;D:\Matlab\bin;D:\Matlab\polyspace\bin;C:\Program Files\dotnet\;D:\SQL Server2\160\Tools\Binn\;C:\Program Files\Microsoft SQL Server\160\Tools\Binn\;C:\Program Files\Microsoft SQL Server\Client SDK\ODBC\170\Tools\Binn\;C:\Program Files\Microsoft SQL Server\160\DTS\Binn\;D:\SQL Server2\160\DTS\Binn\;C:\Program Files\Azure Data Studio\bin;C:\WINDOWS\system32\config\systemprofile\AppData\Local\Microsoft\WindowsApps;C:\windows\system32\HWAudioDriver\;C:\Program Files\Microsoft SQL Server\150\Tools\Binn\;E:\vivo\pcsuite\;D:\IDEA\apache-maven-3.9.8\bin;D:\kotlin\kotlinc\bin;D:\opencv4.8\opencv-4.8.0-windows\opencv\build\x64\vc16\bin;C:\Program Files\Git\cmd;d:\cursor\cursor\resources\app\bin;C:\Users\7107\AppData\Local\Programs\Python\Python310\Scripts\;C:\Users\7107\AppData\Local\Programs\Python\Python310\;D:\MySQL\e\bin\;C:\Users\7107\AppData\Local\Microsoft\WindowsApps;C:\Program Files\Azure Data Studio\bin;D:\VScode\Microsoft VS Code\bin;D:\pycharm\PyCharm Community Edition 2022.2.4\bin;;C:\Users\7107\.dotnet\tools;D:\C++BYQ\mingw64\bin;D:\cursor\cursor\resources\app\bin
USERNAME=7107
OS=Windows_NT
PROCESSOR_IDENTIFIER=Intel64 Family 6 Model 154 Stepping 3, GenuineIntel
TMP=C:\Users\7107\AppData\Local\Temp
TEMP=C:\Users\7107\AppData\Local\Temp




Periodic native trim disabled

JNI global refs:
JNI global refs: 23, weak refs: 4

JNI global refs memory usage: 835, weak refs: 833

Process memory usage:
Resident Set Size: 556728K (3% of 16497272K total physical memory with 1840528K free physical memory)

OOME stack traces (most recent first):
Classloader memory used:
Loader jdk.internal.loader.ClassLoaders$AppClassLoader                                 : 68913K
Loader bootstrap                                                                       : 11697K
Loader java.net.URLClassLoader                                                         : 2807K

---------------  S Y S T E M  ---------------

OS:
 Windows 11 , 64 bit Build 22621 (10.0.22621.5124)
OS uptime: 0 days 2:51 hours

CPU: total 16 (initial active 16) (8 cores per cpu, 2 threads per core) family 6 model 154 stepping 3 microcode 0x41e, cx8, cmov, fxsr, ht, mmx, 3dnowpref, sse, sse2, sse3, ssse3, sse4.1, sse4.2, popcnt, lzcnt, tsc, tscinvbit, avx, avx2, aes, erms, clmul, bmi1, bmi2, adx, sha, fma, vzeroupper, clflush, clflushopt, clwb, serialize, rdtscp, rdpid, fsrm, f16c, pku, cet_ibt, cet_ss
Processor Information for processor 0
  Max Mhz: 2500, Current Mhz: 2500, Mhz Limit: 2500
Processor Information for processor 1
  Max Mhz: 2500, Current Mhz: 2500, Mhz Limit: 2500
Processor Information for processor 2
  Max Mhz: 2500, Current Mhz: 2500, Mhz Limit: 2500
Processor Information for processor 3
  Max Mhz: 2500, Current Mhz: 2500, Mhz Limit: 2500
Processor Information for processor 4
  Max Mhz: 2500, Current Mhz: 2500, Mhz Limit: 2500
Processor Information for processor 5
  Max Mhz: 2500, Current Mhz: 2500, Mhz Limit: 2500
Processor Information for processor 6
  Max Mhz: 2500, Current Mhz: 2500, Mhz Limit: 2500
Processor Information for processor 7
  Max Mhz: 2500, Current Mhz: 2500, Mhz Limit: 2500
Processor Information for processor 8
  Max Mhz: 2500, Current Mhz: 1800, Mhz Limit: 1800
Processor Information for processor 9
  Max Mhz: 2500, Current Mhz: 1500, Mhz Limit: 1800
Processor Information for processor 10
  Max Mhz: 2500, Current Mhz: 1800, Mhz Limit: 1800
Processor Information for processor 11
  Max Mhz: 2500, Current Mhz: 1800, Mhz Limit: 1800
Processor Information for processor 12
  Max Mhz: 2500, Current Mhz: 1800, Mhz Limit: 1800
Processor Information for processor 13
  Max Mhz: 2500, Current Mhz: 1800, Mhz Limit: 1800
Processor Information for processor 14
  Max Mhz: 2500, Current Mhz: 1800, Mhz Limit: 1800
Processor Information for processor 15
  Max Mhz: 2500, Current Mhz: 1800, Mhz Limit: 1800

Memory: 4k page, system-wide physical 16110M (1790M free)
TotalPageFile size 16110M (AvailPageFile size 6M)
current process WorkingSet (physical memory assigned to process): 544M, peak: 544M
current process commit charge ("private bytes"): 581M, peak: 582M

vm_info: OpenJDK 64-Bit Server VM (21.0.5+-12932927-b750.29) for windows-amd64 JRE (21.0.5+-12932927-b750.29), built on 2025-01-17T02:01:10Z by "builder" with MS VC++ 16.10 / 16.11 (VS2019)

END.
